CMD: ./model_submitter.sh /2d/Fat2d-Nsubs-10.yaml
START_TIME: Tue Nov 5 02:36:44 PM EST 2024
GPU available: True (cuda), used: True
TPU available: False, using: 0 TPU cores
HPU available: False, using: 0 HPUs
/home/u2hussai/.local/lib/python3.11/site-packages/lightning/pytorch/trainer/connectors/logger_connector/logger_connector.py:75: Starting from v1.9.0, `tensorboardX` has been removed as a dependency of the `lightning.pytorch` package, due to potential conflicts with other packages in the ML ecosystem. For this reason, `logger=True` will use `CSVLogger` as the default logger, unless the `tensorboard` or `tensorboardX` packages are found. Please `pip install lightning[extra]` or one of them to enable TensorBoard support by default
/home/u2hussai/.local/lib/python3.11/site-packages/torch/functional.py:512: UserWarning: torch.meshgrid: in an upcoming release, it will be required to pass the indexing argument. (Triggered internally at /home/coulombc/wheels_builder/tmp.2617/python-3.11/torch/aten/src/ATen/native/TensorShape.cpp:3587.)
  return _VF.meshgrid(tensors, **kwargs)  # type: ignore[attr-defined]
/home/u2hussai/.local/lib/python3.11/site-packages/lightning/pytorch/trainer/configuration_validator.py:68: You passed in a `val_dataloader` but have no `validation_step`. Skipping val loop.
Initializing distributed: GLOBAL_RANK: 0, MEMBER: 1/1
----------------------------------------------------------------------------------------------------
distributed_backend=nccl
All distributed processes registered. Starting with 1 processes
----------------------------------------------------------------------------------------------------

LOCAL_RANK: 0 - CUDA_VISIBLE_DEVICES: [0,1]
/home/u2hussai/.local/lib/python3.11/site-packages/torch/optim/lr_scheduler.py:28: UserWarning: The verbose parameter is deprecated. Please use get_last_lr() to access the learning rate.
  warnings.warn("The verbose parameter is deprecated. Please use get_last_lr() "

  | Name  | Type      | Params | Mode 
--------------------------------------------
0 | model | Lit2dOnly | 437 K  | train
--------------------------------------------
437 K     Trainable params
0         Non-trainable params
437 K     Total params
1.751     Total estimated model params size (MB)
29        Modules in train mode
0         Modules in eval mode
SLURM auto-requeueing enabled. Setting signal handlers.
Using 2d only model
Length of activation list is 7
Loading subjects from path:  /home/u2hussai/project/u2hussai/niceData/training_preproc/
Loading subject 101309
Loading subject 473952
Loading subject 209127
Loading subject 113619
Loading subject 130720
Loading subject 175237
Loading subject 286650
Loading subject 744553
Loading subject 133928
Loading subject 110411
Training: |          | 0/? [00:00<?, ?it/s]Training:   0%|          | 0/1662 [00:00<?, ?it/s]Epoch 0:   0%|          | 0/1662 [00:00<?, ?it/s] /home/u2hussai/dgcnn/gconv/gPyTorch.py:69: UserWarning: Plan failed with an OutOfMemoryError: CUDA out of memory. Tried to allocate 2.97 GiB. GPU  (Triggered internally at /home/coulombc/wheels_builder/tmp.2617/python-3.11/torch/aten/src/ATen/native/cudnn/Conv_v8.cpp:924.)
  out=F.conv2d(input.float(),self.kernel_e.float(),bias=self.bias_e.float())
/home/u2hussai/dgcnn/gconv/gPyTorch.py:69: UserWarning: Plan failed with an OutOfMemoryError: CUDA out of memory. Tried to allocate 13.35 GiB. GPU  (Triggered internally at /home/coulombc/wheels_builder/tmp.2617/python-3.11/torch/aten/src/ATen/native/cudnn/Conv_v8.cpp:924.)
  out=F.conv2d(input.float(),self.kernel_e.float(),bias=self.bias_e.float())
[rank0]: Traceback (most recent call last):
[rank0]:   File "/home/u2hussai/dgcnn/scripts/training_script.py", line 23, in <module>
[rank0]:     trainer.fit(model,datamodule=data_module)
[rank0]:   File "/home/u2hussai/.local/lib/python3.11/site-packages/lightning/pytorch/trainer/trainer.py", line 538, in fit
[rank0]:     call._call_and_handle_interrupt(
[rank0]:   File "/home/u2hussai/.local/lib/python3.11/site-packages/lightning/pytorch/trainer/call.py", line 46, in _call_and_handle_interrupt
[rank0]:     return trainer.strategy.launcher.launch(trainer_fn, *args, trainer=trainer, **kwargs)
[rank0]:            ^^^^^^^^^^^^^^^^^^^^^^^^^^^^^^^^^^^^^^^^^^^^^^^^^^^^^^^^^^^^^^^^^^^^^^^^^^^^^^
[rank0]:   File "/home/u2hussai/.local/lib/python3.11/site-packages/lightning/pytorch/strategies/launchers/subprocess_script.py", line 105, in launch
[rank0]:     return function(*args, **kwargs)
[rank0]:            ^^^^^^^^^^^^^^^^^^^^^^^^^
[rank0]:   File "/home/u2hussai/.local/lib/python3.11/site-packages/lightning/pytorch/trainer/trainer.py", line 574, in _fit_impl
[rank0]:     self._run(model, ckpt_path=ckpt_path)
[rank0]:   File "/home/u2hussai/.local/lib/python3.11/site-packages/lightning/pytorch/trainer/trainer.py", line 981, in _run
[rank0]:     results = self._run_stage()
[rank0]:               ^^^^^^^^^^^^^^^^^
[rank0]:   File "/home/u2hussai/.local/lib/python3.11/site-packages/lightning/pytorch/trainer/trainer.py", line 1025, in _run_stage
[rank0]:     self.fit_loop.run()
[rank0]:   File "/home/u2hussai/.local/lib/python3.11/site-packages/lightning/pytorch/loops/fit_loop.py", line 205, in run
[rank0]:     self.advance()
[rank0]:   File "/home/u2hussai/.local/lib/python3.11/site-packages/lightning/pytorch/loops/fit_loop.py", line 363, in advance
[rank0]:     self.epoch_loop.run(self._data_fetcher)
[rank0]:   File "/home/u2hussai/.local/lib/python3.11/site-packages/lightning/pytorch/loops/training_epoch_loop.py", line 140, in run
[rank0]:     self.advance(data_fetcher)
[rank0]:   File "/home/u2hussai/.local/lib/python3.11/site-packages/lightning/pytorch/loops/training_epoch_loop.py", line 250, in advance
[rank0]:     batch_output = self.automatic_optimization.run(trainer.optimizers[0], batch_idx, kwargs)
[rank0]:                    ^^^^^^^^^^^^^^^^^^^^^^^^^^^^^^^^^^^^^^^^^^^^^^^^^^^^^^^^^^^^^^^^^^^^^^^^^
[rank0]:   File "/home/u2hussai/.local/lib/python3.11/site-packages/lightning/pytorch/loops/optimization/automatic.py", line 190, in run
[rank0]:     self._optimizer_step(batch_idx, closure)
[rank0]:   File "/home/u2hussai/.local/lib/python3.11/site-packages/lightning/pytorch/loops/optimization/automatic.py", line 268, in _optimizer_step
[rank0]:     call._call_lightning_module_hook(
[rank0]:   File "/home/u2hussai/.local/lib/python3.11/site-packages/lightning/pytorch/trainer/call.py", line 167, in _call_lightning_module_hook
[rank0]:     output = fn(*args, **kwargs)
[rank0]:              ^^^^^^^^^^^^^^^^^^^
[rank0]:   File "/home/u2hussai/.local/lib/python3.11/site-packages/lightning/pytorch/core/module.py", line 1306, in optimizer_step
[rank0]:     optimizer.step(closure=optimizer_closure)
[rank0]:   File "/home/u2hussai/.local/lib/python3.11/site-packages/lightning/pytorch/core/optimizer.py", line 153, in step
[rank0]:     step_output = self._strategy.optimizer_step(self._optimizer, closure, **kwargs)
[rank0]:                   ^^^^^^^^^^^^^^^^^^^^^^^^^^^^^^^^^^^^^^^^^^^^^^^^^^^^^^^^^^^^^^^^^
[rank0]:   File "/home/u2hussai/.local/lib/python3.11/site-packages/lightning/pytorch/strategies/ddp.py", line 270, in optimizer_step
[rank0]:     optimizer_output = super().optimizer_step(optimizer, closure, model, **kwargs)
[rank0]:                        ^^^^^^^^^^^^^^^^^^^^^^^^^^^^^^^^^^^^^^^^^^^^^^^^^^^^^^^^^^^
[rank0]:   File "/home/u2hussai/.local/lib/python3.11/site-packages/lightning/pytorch/strategies/strategy.py", line 238, in optimizer_step
[rank0]:     return self.precision_plugin.optimizer_step(optimizer, model=model, closure=closure, **kwargs)
[rank0]:            ^^^^^^^^^^^^^^^^^^^^^^^^^^^^^^^^^^^^^^^^^^^^^^^^^^^^^^^^^^^^^^^^^^^^^^^^^^^^^^^^^^^^^^^
[rank0]:   File "/home/u2hussai/.local/lib/python3.11/site-packages/lightning/pytorch/plugins/precision/precision.py", line 122, in optimizer_step
[rank0]:     return optimizer.step(closure=closure, **kwargs)
[rank0]:            ^^^^^^^^^^^^^^^^^^^^^^^^^^^^^^^^^^^^^^^^^
[rank0]:   File "/home/u2hussai/.local/lib/python3.11/site-packages/torch/optim/optimizer.py", line 391, in wrapper
[rank0]:     out = func(*args, **kwargs)
[rank0]:           ^^^^^^^^^^^^^^^^^^^^^
[rank0]:   File "/home/u2hussai/.local/lib/python3.11/site-packages/torch/optim/optimizer.py", line 76, in _use_grad
[rank0]:     ret = func(self, *args, **kwargs)
[rank0]:           ^^^^^^^^^^^^^^^^^^^^^^^^^^^
[rank0]:   File "/home/u2hussai/.local/lib/python3.11/site-packages/torch/optim/adamax.py", line 106, in step
[rank0]:     loss = closure()
[rank0]:            ^^^^^^^^^
[rank0]:   File "/home/u2hussai/.local/lib/python3.11/site-packages/lightning/pytorch/plugins/precision/precision.py", line 108, in _wrap_closure
[rank0]:     closure_result = closure()
[rank0]:                      ^^^^^^^^^
[rank0]:   File "/home/u2hussai/.local/lib/python3.11/site-packages/lightning/pytorch/loops/optimization/automatic.py", line 144, in __call__
[rank0]:     self._result = self.closure(*args, **kwargs)
[rank0]:                    ^^^^^^^^^^^^^^^^^^^^^^^^^^^^^
[rank0]:   File "/home/u2hussai/.local/lib/python3.11/site-packages/torch/utils/_contextlib.py", line 115, in decorate_context
[rank0]:     return func(*args, **kwargs)
[rank0]:            ^^^^^^^^^^^^^^^^^^^^^
[rank0]:   File "/home/u2hussai/.local/lib/python3.11/site-packages/lightning/pytorch/loops/optimization/automatic.py", line 129, in closure
[rank0]:     step_output = self._step_fn()
[rank0]:                   ^^^^^^^^^^^^^^^
[rank0]:   File "/home/u2hussai/.local/lib/python3.11/site-packages/lightning/pytorch/loops/optimization/automatic.py", line 317, in _training_step
[rank0]:     training_step_output = call._call_strategy_hook(trainer, "training_step", *kwargs.values())
[rank0]:                            ^^^^^^^^^^^^^^^^^^^^^^^^^^^^^^^^^^^^^^^^^^^^^^^^^^^^^^^^^^^^^^^^^^^^
[rank0]:   File "/home/u2hussai/.local/lib/python3.11/site-packages/lightning/pytorch/trainer/call.py", line 319, in _call_strategy_hook
[rank0]:     output = fn(*args, **kwargs)
[rank0]:              ^^^^^^^^^^^^^^^^^^^
[rank0]:   File "/home/u2hussai/.local/lib/python3.11/site-packages/lightning/pytorch/strategies/strategy.py", line 389, in training_step
[rank0]:     return self._forward_redirection(self.model, self.lightning_module, "training_step", *args, **kwargs)
[rank0]:            ^^^^^^^^^^^^^^^^^^^^^^^^^^^^^^^^^^^^^^^^^^^^^^^^^^^^^^^^^^^^^^^^^^^^^^^^^^^^^^^^^^^^^^^^^^^^^^
[rank0]:   File "/home/u2hussai/.local/lib/python3.11/site-packages/lightning/pytorch/strategies/strategy.py", line 640, in __call__
[rank0]:     wrapper_output = wrapper_module(*args, **kwargs)
[rank0]:                      ^^^^^^^^^^^^^^^^^^^^^^^^^^^^^^^
[rank0]:   File "/home/u2hussai/.local/lib/python3.11/site-packages/torch/nn/modules/module.py", line 1532, in _wrapped_call_impl
[rank0]:     return self._call_impl(*args, **kwargs)
[rank0]:            ^^^^^^^^^^^^^^^^^^^^^^^^^^^^^^^^
[rank0]:   File "/home/u2hussai/.local/lib/python3.11/site-packages/torch/nn/modules/module.py", line 1541, in _call_impl
[rank0]:     return forward_call(*args, **kwargs)
[rank0]:            ^^^^^^^^^^^^^^^^^^^^^^^^^^^^^
[rank0]:   File "/home/u2hussai/.local/lib/python3.11/site-packages/torch/nn/parallel/distributed.py", line 1593, in forward
[rank0]:     else self._run_ddp_forward(*inputs, **kwargs)
[rank0]:          ^^^^^^^^^^^^^^^^^^^^^^^^^^^^^^^^^^^^^^^^
[rank0]:   File "/home/u2hussai/.local/lib/python3.11/site-packages/torch/nn/parallel/distributed.py", line 1411, in _run_ddp_forward
[rank0]:     return self.module(*inputs, **kwargs)  # type: ignore[index]
[rank0]:            ^^^^^^^^^^^^^^^^^^^^^^^^^^^^^^
[rank0]:   File "/home/u2hussai/.local/lib/python3.11/site-packages/torch/nn/modules/module.py", line 1532, in _wrapped_call_impl
[rank0]:     return self._call_impl(*args, **kwargs)
[rank0]:            ^^^^^^^^^^^^^^^^^^^^^^^^^^^^^^^^
[rank0]:   File "/home/u2hussai/.local/lib/python3.11/site-packages/torch/nn/modules/module.py", line 1541, in _call_impl
[rank0]:     return forward_call(*args, **kwargs)
[rank0]:            ^^^^^^^^^^^^^^^^^^^^^^^^^^^^^
[rank0]:   File "/home/u2hussai/.local/lib/python3.11/site-packages/lightning/pytorch/strategies/strategy.py", line 633, in wrapped_forward
[rank0]:     out = method(*_args, **_kwargs)
[rank0]:           ^^^^^^^^^^^^^^^^^^^^^^^^^
[rank0]:   File "/home/u2hussai/dgcnn/gconv/modules.py", line 132, in training_step
[rank0]:     loss= self.model.training_step(*args,**kwargs)
[rank0]:           ^^^^^^^^^^^^^^^^^^^^^^^^^^^^^^^^^^^^^^^^
[rank0]:   File "/home/u2hussai/dgcnn/gconv/modules.py", line 323, in training_step
[rank0]:     y_hat=self.model(x)
[rank0]:           ^^^^^^^^^^^^^
[rank0]:   File "/home/u2hussai/.local/lib/python3.11/site-packages/torch/nn/modules/module.py", line 1532, in _wrapped_call_impl
[rank0]:     return self._call_impl(*args, **kwargs)
[rank0]:            ^^^^^^^^^^^^^^^^^^^^^^^^^^^^^^^^
[rank0]:   File "/home/u2hussai/.local/lib/python3.11/site-packages/torch/nn/modules/module.py", line 1541, in _call_impl
[rank0]:     return forward_call(*args, **kwargs)
[rank0]:            ^^^^^^^^^^^^^^^^^^^^^^^^^^^^^
[rank0]:   File "/home/u2hussai/.local/lib/python3.11/site-packages/torch/nn/modules/container.py", line 217, in forward
[rank0]:     input = module(input)
[rank0]:             ^^^^^^^^^^^^^
[rank0]:   File "/home/u2hussai/.local/lib/python3.11/site-packages/torch/nn/modules/module.py", line 1532, in _wrapped_call_impl
[rank0]:     return self._call_impl(*args, **kwargs)
[rank0]:            ^^^^^^^^^^^^^^^^^^^^^^^^^^^^^^^^
[rank0]:   File "/home/u2hussai/.local/lib/python3.11/site-packages/torch/nn/modules/module.py", line 1541, in _call_impl
[rank0]:     return forward_call(*args, **kwargs)
[rank0]:            ^^^^^^^^^^^^^^^^^^^^^^^^^^^^^
[rank0]:   File "/home/u2hussai/dgcnn/gconv/modules.py", line 515, in forward
[rank0]:     x = self.gconvs(x) #usual g conv
[rank0]:         ^^^^^^^^^^^^^^
[rank0]:   File "/home/u2hussai/.local/lib/python3.11/site-packages/torch/nn/modules/module.py", line 1532, in _wrapped_call_impl
[rank0]:     return self._call_impl(*args, **kwargs)
[rank0]:            ^^^^^^^^^^^^^^^^^^^^^^^^^^^^^^^^
[rank0]:   File "/home/u2hussai/.local/lib/python3.11/site-packages/torch/nn/modules/module.py", line 1541, in _call_impl
[rank0]:     return forward_call(*args, **kwargs)
[rank0]:            ^^^^^^^^^^^^^^^^^^^^^^^^^^^^^
[rank0]:   File "/home/u2hussai/dgcnn/gconv/gPyTorch.py", line 143, in forward
[rank0]:     x=gConv(x)
[rank0]:       ^^^^^^^^
[rank0]:   File "/home/u2hussai/.local/lib/python3.11/site-packages/torch/nn/modules/module.py", line 1532, in _wrapped_call_impl
[rank0]:     return self._call_impl(*args, **kwargs)
[rank0]:            ^^^^^^^^^^^^^^^^^^^^^^^^^^^^^^^^
[rank0]:   File "/home/u2hussai/.local/lib/python3.11/site-packages/torch/nn/modules/module.py", line 1541, in _call_impl
[rank0]:     return forward_call(*args, **kwargs)
[rank0]:            ^^^^^^^^^^^^^^^^^^^^^^^^^^^^^
[rank0]:   File "/home/u2hussai/dgcnn/gconv/gPyTorch.py", line 109, in forward
[rank0]:     x=self.activation(self.conv(x))
[rank0]:                       ^^^^^^^^^^^^
[rank0]:   File "/home/u2hussai/.local/lib/python3.11/site-packages/torch/nn/modules/module.py", line 1532, in _wrapped_call_impl
[rank0]:     return self._call_impl(*args, **kwargs)
[rank0]:            ^^^^^^^^^^^^^^^^^^^^^^^^^^^^^^^^
[rank0]:   File "/home/u2hussai/.local/lib/python3.11/site-packages/torch/nn/modules/module.py", line 1541, in _call_impl
[rank0]:     return forward_call(*args, **kwargs)
[rank0]:            ^^^^^^^^^^^^^^^^^^^^^^^^^^^^^
[rank0]:   File "/home/u2hussai/dgcnn/gconv/gPyTorch.py", line 70, in forward
[rank0]:     out=F.pad(out,(1,1,1,1))
[rank0]:         ^^^^^^^^^^^^^^^^^^^^
[rank0]:   File "/home/u2hussai/.local/lib/python3.11/site-packages/torch/nn/functional.py", line 4522, in pad
[rank0]:     return torch._C._nn.pad(input, pad, mode, value)
[rank0]:            ^^^^^^^^^^^^^^^^^^^^^^^^^^^^^^^^^^^^^^^^^
[rank0]: torch.cuda.OutOfMemoryError: CUDA out of memory. Tried to allocate 1.05 GiB. GPU 
RETURNVAL=1
END_TIME: Tue Nov 5 02:37:19 PM EST 2024
