CMD: ./dtifit_on_subjects.sh /home/u2hussai/scratch/dtitraining/downsample_cut_pad//sub-517239/
START_TIME: Sun 27 Jun 2021 01:15:32 AM EDT
directory is /home/u2hussai/scratch/dtitraining/downsample_cut_pad//sub-517239/15/
0 144 0 176 0 144
0 slices processed
1 slices processed
2 slices processed
3 slices processed
4 slices processed
5 slices processed
6 slices processed
7 slices processed
8 slices processed
9 slices processed
10 slices processed
11 slices processed
12 slices processed
13 slices processed
14 slices processed
15 slices processed
16 slices processed
17 slices processed
18 slices processed
19 slices processed
20 slices processed
21 slices processed
22 slices processed
23 slices processed
24 slices processed
25 slices processed
26 slices processed
27 slices processed
28 slices processed
29 slices processed
30 slices processed
31 slices processed
32 slices processed
33 slices processed
34 slices processed
35 slices processed
36 slices processed
37 slices processed
38 slices processed
39 slices processed
40 slices processed
41 slices processed
42 slices processed
43 slices processed
44 slices processed
45 slices processed
46 slices processed
47 slices processed
48 slices processed
49 slices processed
50 slices processed
51 slices processed
52 slices processed
53 slices processed
54 slices processed
55 slices processed
56 slices processed
57 slices processed
58 slices processed
59 slices processed
60 slices processed
61 slices processed
62 slices processed
63 slices processed
64 slices processed
65 slices processed
66 slices processed
67 slices processed
68 slices processed
69 slices processed
70 slices processed
71 slices processed
72 slices processed
73 slices processed
74 slices processed
75 slices processed
76 slices processed
77 slices processed
78 slices processed
79 slices processed
80 slices processed
81 slices processed
82 slices processed
83 slices processed
84 slices processed
85 slices processed
86 slices processed
87 slices processed
88 slices processed
89 slices processed
90 slices processed
91 slices processed
92 slices processed
93 slices processed
94 slices processed
95 slices processed
96 slices processed
97 slices processed
98 slices processed
99 slices processed
100 slices processed
101 slices processed
102 slices processed
103 slices processed
104 slices processed
105 slices processed
106 slices processed
107 slices processed
108 slices processed
109 slices processed
110 slices processed
111 slices processed
112 slices processed
113 slices processed
114 slices processed
115 slices processed
116 slices processed
117 slices processed
118 slices processed
119 slices processed
120 slices processed
121 slices processed
122 slices processed
123 slices processed
124 slices processed
125 slices processed
126 slices processed
127 slices processed
128 slices processed
129 slices processed
130 slices processed
131 slices processed
132 slices processed
133 slices processed
134 slices processed
135 slices processed
136 slices processed
137 slices processed
138 slices processed
139 slices processed
140 slices processed
141 slices processed
142 slices processed
143 slices processed
directory is /home/u2hussai/scratch/dtitraining/downsample_cut_pad//sub-517239/24/
0 144 0 176 0 144
0 slices processed
1 slices processed
2 slices processed
3 slices processed
4 slices processed
5 slices processed
6 slices processed
7 slices processed
8 slices processed
9 slices processed
10 slices processed
11 slices processed
12 slices processed
13 slices processed
14 slices processed
15 slices processed
16 slices processed
17 slices processed
18 slices processed
19 slices processed
20 slices processed
21 slices processed
22 slices processed
23 slices processed
24 slices processed
25 slices processed
26 slices processed
27 slices processed
28 slices processed
29 slices processed
30 slices processed
31 slices processed
32 slices processed
33 slices processed
34 slices processed
35 slices processed
36 slices processed
37 slices processed
38 slices processed
39 slices processed
40 slices processed
41 slices processed
42 slices processed
43 slices processed
44 slices processed
45 slices processed
46 slices processed
47 slices processed
48 slices processed
49 slices processed
50 slices processed
51 slices processed
52 slices processed
53 slices processed
54 slices processed
55 slices processed
56 slices processed
57 slices processed
58 slices processed
59 slices processed
60 slices processed
61 slices processed
62 slices processed
63 slices processed
64 slices processed
65 slices processed
66 slices processed
67 slices processed
68 slices processed
69 slices processed
70 slices processed
71 slices processed
72 slices processed
73 slices processed
74 slices processed
75 slices processed
76 slices processed
77 slices processed
78 slices processed
79 slices processed
80 slices processed
81 slices processed
82 slices processed
83 slices processed
84 slices processed
85 slices processed
86 slices processed
87 slices processed
88 slices processed
89 slices processed
90 slices processed
91 slices processed
92 slices processed
93 slices processed
94 slices processed
95 slices processed
96 slices processed
97 slices processed
98 slices processed
99 slices processed
100 slices processed
101 slices processed
102 slices processed
103 slices processed
104 slices processed
105 slices processed
106 slices processed
107 slices processed
108 slices processed
109 slices processed
110 slices processed
111 slices processed
112 slices processed
113 slices processed
114 slices processed
115 slices processed
116 slices processed
117 slices processed
118 slices processed
119 slices processed
120 slices processed
121 slices processed
122 slices processed
123 slices processed
124 slices processed
125 slices processed
126 slices processed
127 slices processed
128 slices processed
129 slices processed
130 slices processed
131 slices processed
132 slices processed
133 slices processed
134 slices processed
135 slices processed
136 slices processed
137 slices processed
138 slices processed
139 slices processed
140 slices processed
141 slices processed
142 slices processed
143 slices processed
directory is /home/u2hussai/scratch/dtitraining/downsample_cut_pad//sub-517239/34/
0 144 0 176 0 144
0 slices processed
1 slices processed
2 slices processed
3 slices processed
4 slices processed
5 slices processed
6 slices processed
7 slices processed
8 slices processed
9 slices processed
10 slices processed
11 slices processed
12 slices processed
13 slices processed
14 slices processed
15 slices processed
16 slices processed
17 slices processed
18 slices processed
19 slices processed
20 slices processed
21 slices processed
22 slices processed
23 slices processed
24 slices processed
25 slices processed
26 slices processed
27 slices processed
28 slices processed
29 slices processed
30 slices processed
31 slices processed
32 slices processed
33 slices processed
34 slices processed
35 slices processed
36 slices processed
37 slices processed
38 slices processed
39 slices processed
40 slices processed
41 slices processed
42 slices processed
43 slices processed
44 slices processed
45 slices processed
46 slices processed
47 slices processed
48 slices processed
49 slices processed
50 slices processed
51 slices processed
52 slices processed
53 slices processed
54 slices processed
55 slices processed
56 slices processed
57 slices processed
58 slices processed
59 slices processed
60 slices processed
61 slices processed
62 slices processed
63 slices processed
64 slices processed
65 slices processed
66 slices processed
67 slices processed
68 slices processed
69 slices processed
70 slices processed
71 slices processed
72 slices processed
73 slices processed
74 slices processed
75 slices processed
76 slices processed
77 slices processed
78 slices processed
79 slices processed
80 slices processed
81 slices processed
82 slices processed
83 slices processed
84 slices processed
85 slices processed
86 slices processed
87 slices processed
88 slices processed
89 slices processed
90 slices processed
91 slices processed
92 slices processed
93 slices processed
94 slices processed
95 slices processed
96 slices processed
97 slices processed
98 slices processed
99 slices processed
100 slices processed
101 slices processed
102 slices processed
103 slices processed
104 slices processed
105 slices processed
106 slices processed
107 slices processed
108 slices processed
109 slices processed
110 slices processed
111 slices processed
112 slices processed
113 slices processed
114 slices processed
115 slices processed
116 slices processed
117 slices processed
118 slices processed
119 slices processed
120 slices processed
121 slices processed
122 slices processed
123 slices processed
124 slices processed
125 slices processed
126 slices processed
127 slices processed
128 slices processed
129 slices processed
130 slices processed
131 slices processed
132 slices processed
133 slices processed
134 slices processed
135 slices processed
136 slices processed
137 slices processed
138 slices processed
139 slices processed
140 slices processed
141 slices processed
142 slices processed
143 slices processed
directory is /home/u2hussai/scratch/dtitraining/downsample_cut_pad//sub-517239/43/
0 144 0 176 0 144
0 slices processed
1 slices processed
2 slices processed
3 slices processed
4 slices processed
5 slices processed
6 slices processed
7 slices processed
8 slices processed
9 slices processed
10 slices processed
11 slices processed
12 slices processed
13 slices processed
14 slices processed
15 slices processed
16 slices processed
17 slices processed
18 slices processed
19 slices processed
20 slices processed
21 slices processed
22 slices processed
23 slices processed
24 slices processed
25 slices processed
26 slices processed
27 slices processed
28 slices processed
29 slices processed
30 slices processed
31 slices processed
32 slices processed
33 slices processed
34 slices processed
35 slices processed
36 slices processed
37 slices processed
38 slices processed
39 slices processed
40 slices processed
41 slices processed
42 slices processed
43 slices processed
44 slices processed
45 slices processed
46 slices processed
47 slices processed
48 slices processed
49 slices processed
50 slices processed
51 slices processed
52 slices processed
53 slices processed
54 slices processed
55 slices processed
56 slices processed
57 slices processed
58 slices processed
59 slices processed
60 slices processed
61 slices processed
62 slices processed
63 slices processed
64 slices processed
65 slices processed
66 slices processed
67 slices processed
68 slices processed
69 slices processed
70 slices processed
71 slices processed
72 slices processed
73 slices processed
74 slices processed
75 slices processed
76 slices processed
77 slices processed
78 slices processed
79 slices processed
80 slices processed
81 slices processed
82 slices processed
83 slices processed
84 slices processed
85 slices processed
86 slices processed
87 slices processed
88 slices processed
89 slices processed
90 slices processed
91 slices processed
92 slices processed
93 slices processed
94 slices processed
95 slices processed
96 slices processed
97 slices processed
98 slices processed
99 slices processed
100 slices processed
101 slices processed
102 slices processed
103 slices processed
104 slices processed
105 slices processed
106 slices processed
107 slices processed
108 slices processed
109 slices processed
110 slices processed
111 slices processed
112 slices processed
113 slices processed
114 slices processed
115 slices processed
116 slices processed
117 slices processed
118 slices processed
119 slices processed
120 slices processed
121 slices processed
122 slices processed
123 slices processed
124 slices processed
125 slices processed
126 slices processed
127 slices processed
128 slices processed
129 slices processed
130 slices processed
131 slices processed
132 slices processed
133 slices processed
134 slices processed
135 slices processed
136 slices processed
137 slices processed
138 slices processed
139 slices processed
140 slices processed
141 slices processed
142 slices processed
143 slices processed
directory is /home/u2hussai/scratch/dtitraining/downsample_cut_pad//sub-517239/52/
0 144 0 176 0 144
0 slices processed
1 slices processed
2 slices processed
3 slices processed
4 slices processed
5 slices processed
6 slices processed
7 slices processed
8 slices processed
9 slices processed
10 slices processed
11 slices processed
12 slices processed
13 slices processed
14 slices processed
15 slices processed
16 slices processed
17 slices processed
18 slices processed
19 slices processed
20 slices processed
21 slices processed
22 slices processed
23 slices processed
24 slices processed
25 slices processed
26 slices processed
27 slices processed
28 slices processed
29 slices processed
30 slices processed
31 slices processed
32 slices processed
33 slices processed
34 slices processed
35 slices processed
36 slices processed
37 slices processed
38 slices processed
39 slices processed
40 slices processed
41 slices processed
42 slices processed
43 slices processed
44 slices processed
45 slices processed
46 slices processed
47 slices processed
48 slices processed
49 slices processed
50 slices processed
51 slices processed
52 slices processed
53 slices processed
54 slices processed
55 slices processed
56 slices processed
57 slices processed
58 slices processed
59 slices processed
60 slices processed
61 slices processed
62 slices processed
63 slices processed
64 slices processed
65 slices processed
66 slices processed
67 slices processed
68 slices processed
69 slices processed
70 slices processed
71 slices processed
72 slices processed
73 slices processed
74 slices processed
75 slices processed
76 slices processed
77 slices processed
78 slices processed
79 slices processed
80 slices processed
81 slices processed
82 slices processed
83 slices processed
84 slices processed
85 slices processed
86 slices processed
87 slices processed
88 slices processed
89 slices processed
90 slices processed
91 slices processed
92 slices processed
93 slices processed
94 slices processed
95 slices processed
96 slices processed
97 slices processed
98 slices processed
99 slices processed
100 slices processed
101 slices processed
102 slices processed
103 slices processed
104 slices processed
105 slices processed
106 slices processed
107 slices processed
108 slices processed
109 slices processed
110 slices processed
111 slices processed
112 slices processed
113 slices processed
114 slices processed
115 slices processed
116 slices processed
117 slices processed
118 slices processed
119 slices processed
120 slices processed
121 slices processed
122 slices processed
123 slices processed
124 slices processed
125 slices processed
126 slices processed
127 slices processed
128 slices processed
129 slices processed
130 slices processed
131 slices processed
132 slices processed
133 slices processed
134 slices processed
135 slices processed
136 slices processed
137 slices processed
138 slices processed
139 slices processed
140 slices processed
141 slices processed
142 slices processed
143 slices processed
directory is /home/u2hussai/scratch/dtitraining/downsample_cut_pad//sub-517239/6/
0 144 0 176 0 144
0 slices processed
1 slices processed
2 slices processed
3 slices processed
4 slices processed
5 slices processed
6 slices processed
7 slices processed
8 slices processed
9 slices processed
10 slices processed
11 slices processed
12 slices processed
13 slices processed
14 slices processed
15 slices processed
16 slices processed
17 slices processed
18 slices processed
19 slices processed
20 slices processed
21 slices processed
22 slices processed
23 slices processed
24 slices processed
25 slices processed
26 slices processed
27 slices processed
28 slices processed
29 slices processed
30 slices processed
31 slices processed
32 slices processed
33 slices processed
34 slices processed
35 slices processed
36 slices processed
37 slices processed
38 slices processed
39 slices processed
40 slices processed
41 slices processed
42 slices processed
43 slices processed
44 slices processed
45 slices processed
46 slices processed
47 slices processed
48 slices processed
49 slices processed
50 slices processed
51 slices processed
52 slices processed
53 slices processed
54 slices processed
55 slices processed
56 slices processed
57 slices processed
58 slices processed
59 slices processed
60 slices processed
61 slices processed
62 slices processed
63 slices processed
64 slices processed
65 slices processed
66 slices processed
67 slices processed
68 slices processed
69 slices processed
70 slices processed
71 slices processed
72 slices processed
73 slices processed
74 slices processed
75 slices processed
76 slices processed
77 slices processed
78 slices processed
79 slices processed
80 slices processed
81 slices processed
82 slices processed
83 slices processed
84 slices processed
85 slices processed
86 slices processed
87 slices processed
88 slices processed
89 slices processed
90 slices processed
91 slices processed
92 slices processed
93 slices processed
94 slices processed
95 slices processed
96 slices processed
97 slices processed
98 slices processed
99 slices processed
100 slices processed
101 slices processed
102 slices processed
103 slices processed
104 slices processed
105 slices processed
106 slices processed
107 slices processed
108 slices processed
109 slices processed
110 slices processed
111 slices processed
112 slices processed
113 slices processed
114 slices processed
115 slices processed
116 slices processed
117 slices processed
118 slices processed
119 slices processed
120 slices processed
121 slices processed
122 slices processed
123 slices processed
124 slices processed
125 slices processed
126 slices processed
127 slices processed
128 slices processed
129 slices processed
130 slices processed
131 slices processed
132 slices processed
133 slices processed
134 slices processed
135 slices processed
136 slices processed
137 slices processed
138 slices processed
139 slices processed
140 slices processed
141 slices processed
142 slices processed
143 slices processed
directory is /home/u2hussai/scratch/dtitraining/downsample_cut_pad//sub-517239/62/
0 144 0 176 0 144
0 slices processed
1 slices processed
2 slices processed
3 slices processed
4 slices processed
5 slices processed
6 slices processed
7 slices processed
8 slices processed
9 slices processed
10 slices processed
11 slices processed
12 slices processed
13 slices processed
14 slices processed
15 slices processed
16 slices processed
17 slices processed
18 slices processed
19 slices processed
20 slices processed
21 slices processed
22 slices processed
23 slices processed
24 slices processed
25 slices processed
26 slices processed
27 slices processed
28 slices processed
29 slices processed
30 slices processed
31 slices processed
32 slices processed
33 slices processed
34 slices processed
35 slices processed
36 slices processed
37 slices processed
38 slices processed
39 slices processed
40 slices processed
41 slices processed
42 slices processed
43 slices processed
44 slices processed
45 slices processed
46 slices processed
47 slices processed
48 slices processed
49 slices processed
50 slices processed
51 slices processed
52 slices processed
53 slices processed
54 slices processed
55 slices processed
56 slices processed
57 slices processed
58 slices processed
59 slices processed
60 slices processed
61 slices processed
62 slices processed
63 slices processed
64 slices processed
65 slices processed
66 slices processed
67 slices processed
68 slices processed
69 slices processed
70 slices processed
71 slices processed
72 slices processed
73 slices processed
74 slices processed
75 slices processed
76 slices processed
77 slices processed
78 slices processed
79 slices processed
80 slices processed
81 slices processed
82 slices processed
83 slices processed
84 slices processed
85 slices processed
86 slices processed
87 slices processed
88 slices processed
89 slices processed
90 slices processed
91 slices processed
92 slices processed
93 slices processed
94 slices processed
95 slices processed
96 slices processed
97 slices processed
98 slices processed
99 slices processed
100 slices processed
101 slices processed
102 slices processed
103 slices processed
104 slices processed
105 slices processed
106 slices processed
107 slices processed
108 slices processed
109 slices processed
110 slices processed
111 slices processed
112 slices processed
113 slices processed
114 slices processed
115 slices processed
116 slices processed
117 slices processed
118 slices processed
119 slices processed
120 slices processed
121 slices processed
122 slices processed
123 slices processed
124 slices processed
125 slices processed
126 slices processed
127 slices processed
128 slices processed
129 slices processed
130 slices processed
131 slices processed
132 slices processed
133 slices processed
134 slices processed
135 slices processed
136 slices processed
137 slices processed
138 slices processed
139 slices processed
140 slices processed
141 slices processed
142 slices processed
143 slices processed
directory is /home/u2hussai/scratch/dtitraining/downsample_cut_pad//sub-517239/71/
0 144 0 176 0 144
0 slices processed
1 slices processed
2 slices processed
3 slices processed
4 slices processed
5 slices processed
6 slices processed
7 slices processed
8 slices processed
9 slices processed
10 slices processed
11 slices processed
12 slices processed
13 slices processed
14 slices processed
15 slices processed
16 slices processed
17 slices processed
18 slices processed
19 slices processed
20 slices processed
21 slices processed
22 slices processed
23 slices processed
24 slices processed
25 slices processed
26 slices processed
27 slices processed
28 slices processed
29 slices processed
30 slices processed
31 slices processed
32 slices processed
33 slices processed
34 slices processed
35 slices processed
36 slices processed
37 slices processed
38 slices processed
39 slices processed
40 slices processed
41 slices processed
42 slices processed
43 slices processed
44 slices processed
45 slices processed
46 slices processed
47 slices processed
48 slices processed
49 slices processed
50 slices processed
51 slices processed
52 slices processed
53 slices processed
54 slices processed
55 slices processed
56 slices processed
57 slices processed
58 slices processed
59 slices processed
60 slices processed
61 slices processed
62 slices processed
63 slices processed
64 slices processed
65 slices processed
66 slices processed
67 slices processed
68 slices processed
69 slices processed
70 slices processed
71 slices processed
72 slices processed
73 slices processed
74 slices processed
75 slices processed
76 slices processed
77 slices processed
78 slices processed
79 slices processed
80 slices processed
81 slices processed
82 slices processed
83 slices processed
84 slices processed
85 slices processed
86 slices processed
87 slices processed
88 slices processed
89 slices processed
90 slices processed
91 slices processed
92 slices processed
93 slices processed
94 slices processed
95 slices processed
96 slices processed
97 slices processed
98 slices processed
99 slices processed
100 slices processed
101 slices processed
102 slices processed
103 slices processed
104 slices processed
105 slices processed
106 slices processed
107 slices processed
108 slices processed
109 slices processed
110 slices processed
111 slices processed
112 slices processed
113 slices processed
114 slices processed
115 slices processed
116 slices processed
117 slices processed
118 slices processed
119 slices processed
120 slices processed
121 slices processed
122 slices processed
123 slices processed
124 slices processed
125 slices processed
126 slices processed
127 slices processed
128 slices processed
129 slices processed
130 slices processed
131 slices processed
132 slices processed
133 slices processed
134 slices processed
135 slices processed
136 slices processed
137 slices processed
138 slices processed
139 slices processed
140 slices processed
141 slices processed
142 slices processed
143 slices processed
directory is /home/u2hussai/scratch/dtitraining/downsample_cut_pad//sub-517239/80/
0 144 0 176 0 144
0 slices processed
1 slices processed
2 slices processed
3 slices processed
4 slices processed
5 slices processed
6 slices processed
7 slices processed
8 slices processed
9 slices processed
10 slices processed
11 slices processed
12 slices processed
13 slices processed
14 slices processed
15 slices processed
16 slices processed
17 slices processed
18 slices processed
19 slices processed
20 slices processed
21 slices processed
22 slices processed
23 slices processed
24 slices processed
25 slices processed
26 slices processed
27 slices processed
28 slices processed
29 slices processed
30 slices processed
31 slices processed
32 slices processed
33 slices processed
34 slices processed
35 slices processed
36 slices processed
37 slices processed
38 slices processed
39 slices processed
40 slices processed
41 slices processed
42 slices processed
43 slices processed
44 slices processed
45 slices processed
46 slices processed
47 slices processed
48 slices processed
49 slices processed
50 slices processed
51 slices processed
52 slices processed
53 slices processed
54 slices processed
55 slices processed
56 slices processed
57 slices processed
58 slices processed
59 slices processed
60 slices processed
61 slices processed
62 slices processed
63 slices processed
64 slices processed
65 slices processed
66 slices processed
67 slices processed
68 slices processed
69 slices processed
70 slices processed
71 slices processed
72 slices processed
73 slices processed
74 slices processed
75 slices processed
76 slices processed
77 slices processed
78 slices processed
79 slices processed
80 slices processed
81 slices processed
82 slices processed
83 slices processed
84 slices processed
85 slices processed
86 slices processed
87 slices processed
88 slices processed
89 slices processed
90 slices processed
91 slices processed
92 slices processed
93 slices processed
94 slices processed
95 slices processed
96 slices processed
97 slices processed
98 slices processed
99 slices processed
100 slices processed
101 slices processed
102 slices processed
103 slices processed
104 slices processed
105 slices processed
106 slices processed
107 slices processed
108 slices processed
109 slices processed
110 slices processed
111 slices processed
112 slices processed
113 slices processed
114 slices processed
115 slices processed
116 slices processed
117 slices processed
118 slices processed
119 slices processed
120 slices processed
121 slices processed
122 slices processed
123 slices processed
124 slices processed
125 slices processed
126 slices processed
127 slices processed
128 slices processed
129 slices processed
130 slices processed
131 slices processed
132 slices processed
133 slices processed
134 slices processed
135 slices processed
136 slices processed
137 slices processed
138 slices processed
139 slices processed
140 slices processed
141 slices processed
142 slices processed
143 slices processed
directory is /home/u2hussai/scratch/dtitraining/downsample_cut_pad//sub-517239/90/
0 144 0 176 0 144
0 slices processed
1 slices processed
2 slices processed
3 slices processed
4 slices processed
5 slices processed
6 slices processed
7 slices processed
8 slices processed
9 slices processed
10 slices processed
11 slices processed
12 slices processed
13 slices processed
14 slices processed
15 slices processed
16 slices processed
17 slices processed
18 slices processed
19 slices processed
20 slices processed
21 slices processed
22 slices processed
23 slices processed
24 slices processed
25 slices processed
26 slices processed
27 slices processed
28 slices processed
29 slices processed
30 slices processed
31 slices processed
32 slices processed
33 slices processed
34 slices processed
35 slices processed
36 slices processed
37 slices processed
38 slices processed
39 slices processed
40 slices processed
41 slices processed
42 slices processed
43 slices processed
44 slices processed
45 slices processed
46 slices processed
47 slices processed
48 slices processed
49 slices processed
50 slices processed
51 slices processed
52 slices processed
53 slices processed
54 slices processed
55 slices processed
56 slices processed
57 slices processed
58 slices processed
59 slices processed
60 slices processed
61 slices processed
62 slices processed
63 slices processed
64 slices processed
65 slices processed
66 slices processed
67 slices processed
68 slices processed
69 slices processed
70 slices processed
71 slices processed
72 slices processed
73 slices processed
74 slices processed
75 slices processed
76 slices processed
77 slices processed
78 slices processed
79 slices processed
80 slices processed
81 slices processed
82 slices processed
83 slices processed
84 slices processed
85 slices processed
86 slices processed
87 slices processed
88 slices processed
89 slices processed
90 slices processed
91 slices processed
92 slices processed
93 slices processed
94 slices processed
95 slices processed
96 slices processed
97 slices processed
98 slices processed
99 slices processed
100 slices processed
101 slices processed
102 slices processed
103 slices processed
104 slices processed
105 slices processed
106 slices processed
107 slices processed
108 slices processed
109 slices processed
110 slices processed
111 slices processed
112 slices processed
113 slices processed
114 slices processed
115 slices processed
116 slices processed
117 slices processed
118 slices processed
119 slices processed
120 slices processed
121 slices processed
122 slices processed
123 slices processed
124 slices processed
125 slices processed
126 slices processed
127 slices processed
128 slices processed
129 slices processed
130 slices processed
131 slices processed
132 slices processed
133 slices processed
134 slices processed
135 slices processed
136 slices processed
137 slices processed
138 slices processed
139 slices processed
140 slices processed
141 slices processed
142 slices processed
143 slices processed
RETURNVAL=0
END_TIME: Sun 27 Jun 2021 01:21:51 AM EDT
