CMD: ./experimentsS0.sh 15
START_TIME: Mon 27 Sep 2021 01:36:55 PM EDT
Loading training data
Path is /home/u2hussai/project/u2hussai/scratch_14Sept21/dtitraining/downsample_cut_pad/sub-395251//6/
Reading niftis from /home/u2hussai/project/u2hussai/scratch_14Sept21/dtitraining/downsample_cut_pad/sub-395251//6/
144
Path is /home/u2hussai/project/u2hussai/scratch_14Sept21/dtitraining/downsample_cut_pad/sub-395251//90/
Reading niftis from /home/u2hussai/project/u2hussai/scratch_14Sept21/dtitraining/downsample_cut_pad/sub-395251//90/
144
NormalizingS0
Computing stats for inputs
computing finite mean and std
zero mean 1 std
including structural
computing finite mean and std
computing finite mean and std
the shape of X is  torch.Size([891, 16, 16, 16, 1])
the shape of T1 is  torch.Size([891, 16, 16, 16])
the shape of T2 is  torch.Size([891, 16, 16, 16])
Concatenating T1, T2 and diffusion
Computing stats from labels
computing finite mean and std
Path is /home/u2hussai/project/u2hussai/scratch_14Sept21/dtitraining/downsample_cut_pad/sub-346945//6/
Reading niftis from /home/u2hussai/project/u2hussai/scratch_14Sept21/dtitraining/downsample_cut_pad/sub-346945//6/
144
Path is /home/u2hussai/project/u2hussai/scratch_14Sept21/dtitraining/downsample_cut_pad/sub-346945//90/
Reading niftis from /home/u2hussai/project/u2hussai/scratch_14Sept21/dtitraining/downsample_cut_pad/sub-346945//90/
144
NormalizingS0
Computing stats for inputs
computing finite mean and std
zero mean 1 std
including structural
computing finite mean and std
computing finite mean and std
the shape of X is  torch.Size([891, 16, 16, 16, 1])
the shape of T1 is  torch.Size([891, 16, 16, 16])
the shape of T2 is  torch.Size([891, 16, 16, 16])
Concatenating T1, T2 and diffusion
Computing stats from labels
computing finite mean and std
Path is /home/u2hussai/project/u2hussai/scratch_14Sept21/dtitraining/downsample_cut_pad/sub-176744//6/
Reading niftis from /home/u2hussai/project/u2hussai/scratch_14Sept21/dtitraining/downsample_cut_pad/sub-176744//6/
144
Path is /home/u2hussai/project/u2hussai/scratch_14Sept21/dtitraining/downsample_cut_pad/sub-176744//90/
Reading niftis from /home/u2hussai/project/u2hussai/scratch_14Sept21/dtitraining/downsample_cut_pad/sub-176744//90/
144
NormalizingS0
Computing stats for inputs
computing finite mean and std
zero mean 1 std
including structural
computing finite mean and std
computing finite mean and std
the shape of X is  torch.Size([891, 16, 16, 16, 1])
the shape of T1 is  torch.Size([891, 16, 16, 16])
the shape of T2 is  torch.Size([891, 16, 16, 16])
Concatenating T1, T2 and diffusion
Computing stats from labels
computing finite mean and std
Path is /home/u2hussai/project/u2hussai/scratch_14Sept21/dtitraining/downsample_cut_pad/sub-124220//6/
Reading niftis from /home/u2hussai/project/u2hussai/scratch_14Sept21/dtitraining/downsample_cut_pad/sub-124220//6/
144
Path is /home/u2hussai/project/u2hussai/scratch_14Sept21/dtitraining/downsample_cut_pad/sub-124220//90/
Reading niftis from /home/u2hussai/project/u2hussai/scratch_14Sept21/dtitraining/downsample_cut_pad/sub-124220//90/
144
NormalizingS0
Computing stats for inputs
computing finite mean and std
zero mean 1 std
including structural
computing finite mean and std
computing finite mean and std
the shape of X is  torch.Size([891, 16, 16, 16, 1])
the shape of T1 is  torch.Size([891, 16, 16, 16])
the shape of T2 is  torch.Size([891, 16, 16, 16])
Concatenating T1, T2 and diffusion
Computing stats from labels
computing finite mean and std
Path is /home/u2hussai/project/u2hussai/scratch_14Sept21/dtitraining/downsample_cut_pad/sub-284646//6/
Reading niftis from /home/u2hussai/project/u2hussai/scratch_14Sept21/dtitraining/downsample_cut_pad/sub-284646//6/
144
Path is /home/u2hussai/project/u2hussai/scratch_14Sept21/dtitraining/downsample_cut_pad/sub-284646//90/
Reading niftis from /home/u2hussai/project/u2hussai/scratch_14Sept21/dtitraining/downsample_cut_pad/sub-284646//90/
144
NormalizingS0
Computing stats for inputs
computing finite mean and std
zero mean 1 std
including structural
computing finite mean and std
computing finite mean and std
the shape of X is  torch.Size([891, 16, 16, 16, 1])
the shape of T1 is  torch.Size([891, 16, 16, 16])
the shape of T2 is  torch.Size([891, 16, 16, 16])
Concatenating T1, T2 and diffusion
Computing stats from labels
computing finite mean and std
Path is /home/u2hussai/project/u2hussai/scratch_14Sept21/dtitraining/downsample_cut_pad/sub-181131//6/
Reading niftis from /home/u2hussai/project/u2hussai/scratch_14Sept21/dtitraining/downsample_cut_pad/sub-181131//6/
144
Path is /home/u2hussai/project/u2hussai/scratch_14Sept21/dtitraining/downsample_cut_pad/sub-181131//90/
Reading niftis from /home/u2hussai/project/u2hussai/scratch_14Sept21/dtitraining/downsample_cut_pad/sub-181131//90/
144
NormalizingS0
Computing stats for inputs
computing finite mean and std
zero mean 1 std
including structural
computing finite mean and std
computing finite mean and std
the shape of X is  torch.Size([891, 16, 16, 16, 1])
the shape of T1 is  torch.Size([891, 16, 16, 16])
the shape of T2 is  torch.Size([891, 16, 16, 16])
Concatenating T1, T2 and diffusion
Computing stats from labels
computing finite mean and std
Path is /home/u2hussai/project/u2hussai/scratch_14Sept21/dtitraining/downsample_cut_pad/sub-204016//6/
Reading niftis from /home/u2hussai/project/u2hussai/scratch_14Sept21/dtitraining/downsample_cut_pad/sub-204016//6/
144
Path is /home/u2hussai/project/u2hussai/scratch_14Sept21/dtitraining/downsample_cut_pad/sub-204016//90/
Reading niftis from /home/u2hussai/project/u2hussai/scratch_14Sept21/dtitraining/downsample_cut_pad/sub-204016//90/
144
NormalizingS0
Computing stats for inputs
computing finite mean and std
zero mean 1 std
including structural
computing finite mean and std
computing finite mean and std
the shape of X is  torch.Size([891, 16, 16, 16, 1])
the shape of T1 is  torch.Size([891, 16, 16, 16])
the shape of T2 is  torch.Size([891, 16, 16, 16])
Concatenating T1, T2 and diffusion
Computing stats from labels
computing finite mean and std
Path is /home/u2hussai/project/u2hussai/scratch_14Sept21/dtitraining/downsample_cut_pad/sub-833148//6/
Reading niftis from /home/u2hussai/project/u2hussai/scratch_14Sept21/dtitraining/downsample_cut_pad/sub-833148//6/
144
Path is /home/u2hussai/project/u2hussai/scratch_14Sept21/dtitraining/downsample_cut_pad/sub-833148//90/
Reading niftis from /home/u2hussai/project/u2hussai/scratch_14Sept21/dtitraining/downsample_cut_pad/sub-833148//90/
144
NormalizingS0
Computing stats for inputs
computing finite mean and std
zero mean 1 std
including structural
computing finite mean and std
computing finite mean and std
the shape of X is  torch.Size([891, 16, 16, 16, 1])
the shape of T1 is  torch.Size([891, 16, 16, 16])
the shape of T2 is  torch.Size([891, 16, 16, 16])
Concatenating T1, T2 and diffusion
Computing stats from labels
computing finite mean and std
Path is /home/u2hussai/project/u2hussai/scratch_14Sept21/dtitraining/downsample_cut_pad/sub-151728//6/
Reading niftis from /home/u2hussai/project/u2hussai/scratch_14Sept21/dtitraining/downsample_cut_pad/sub-151728//6/
144
Path is /home/u2hussai/project/u2hussai/scratch_14Sept21/dtitraining/downsample_cut_pad/sub-151728//90/
Reading niftis from /home/u2hussai/project/u2hussai/scratch_14Sept21/dtitraining/downsample_cut_pad/sub-151728//90/
144
NormalizingS0
Computing stats for inputs
computing finite mean and std
zero mean 1 std
including structural
computing finite mean and std
computing finite mean and std
the shape of X is  torch.Size([891, 16, 16, 16, 1])
the shape of T1 is  torch.Size([891, 16, 16, 16])
the shape of T2 is  torch.Size([891, 16, 16, 16])
Concatenating T1, T2 and diffusion
Computing stats from labels
computing finite mean and std
Path is /home/u2hussai/project/u2hussai/scratch_14Sept21/dtitraining/downsample_cut_pad/sub-664757//6/
Reading niftis from /home/u2hussai/project/u2hussai/scratch_14Sept21/dtitraining/downsample_cut_pad/sub-664757//6/
144
Path is /home/u2hussai/project/u2hussai/scratch_14Sept21/dtitraining/downsample_cut_pad/sub-664757//90/
Reading niftis from /home/u2hussai/project/u2hussai/scratch_14Sept21/dtitraining/downsample_cut_pad/sub-664757//90/
144
NormalizingS0
Computing stats for inputs
computing finite mean and std
zero mean 1 std
including structural
computing finite mean and std
computing finite mean and std
the shape of X is  torch.Size([891, 16, 16, 16, 1])
the shape of T1 is  torch.Size([891, 16, 16, 16])
the shape of T2 is  torch.Size([891, 16, 16, 16])
Concatenating T1, T2 and diffusion
Computing stats from labels
computing finite mean and std
Path is /home/u2hussai/project/u2hussai/scratch_14Sept21/dtitraining/downsample_cut_pad/sub-117930//6/
Reading niftis from /home/u2hussai/project/u2hussai/scratch_14Sept21/dtitraining/downsample_cut_pad/sub-117930//6/
144
Path is /home/u2hussai/project/u2hussai/scratch_14Sept21/dtitraining/downsample_cut_pad/sub-117930//90/
Reading niftis from /home/u2hussai/project/u2hussai/scratch_14Sept21/dtitraining/downsample_cut_pad/sub-117930//90/
144
NormalizingS0
Computing stats for inputs
computing finite mean and std
zero mean 1 std
including structural
computing finite mean and std
computing finite mean and std
the shape of X is  torch.Size([891, 16, 16, 16, 1])
the shape of T1 is  torch.Size([891, 16, 16, 16])
the shape of T2 is  torch.Size([891, 16, 16, 16])
Concatenating T1, T2 and diffusion
Computing stats from labels
computing finite mean and std
Path is /home/u2hussai/project/u2hussai/scratch_14Sept21/dtitraining/downsample_cut_pad/sub-134223//6/
Reading niftis from /home/u2hussai/project/u2hussai/scratch_14Sept21/dtitraining/downsample_cut_pad/sub-134223//6/
144
Path is /home/u2hussai/project/u2hussai/scratch_14Sept21/dtitraining/downsample_cut_pad/sub-134223//90/
Reading niftis from /home/u2hussai/project/u2hussai/scratch_14Sept21/dtitraining/downsample_cut_pad/sub-134223//90/
144
NormalizingS0
Computing stats for inputs
computing finite mean and std
zero mean 1 std
including structural
computing finite mean and std
computing finite mean and std
the shape of X is  torch.Size([891, 16, 16, 16, 1])
the shape of T1 is  torch.Size([891, 16, 16, 16])
the shape of T2 is  torch.Size([891, 16, 16, 16])
Concatenating T1, T2 and diffusion
Computing stats from labels
computing finite mean and std
Path is /home/u2hussai/project/u2hussai/scratch_14Sept21/dtitraining/downsample_cut_pad/sub-146331//6/
Reading niftis from /home/u2hussai/project/u2hussai/scratch_14Sept21/dtitraining/downsample_cut_pad/sub-146331//6/
144
Path is /home/u2hussai/project/u2hussai/scratch_14Sept21/dtitraining/downsample_cut_pad/sub-146331//90/
Reading niftis from /home/u2hussai/project/u2hussai/scratch_14Sept21/dtitraining/downsample_cut_pad/sub-146331//90/
144
NormalizingS0
Computing stats for inputs
computing finite mean and std
zero mean 1 std
including structural
computing finite mean and std
computing finite mean and std
the shape of X is  torch.Size([891, 16, 16, 16, 1])
the shape of T1 is  torch.Size([891, 16, 16, 16])
the shape of T2 is  torch.Size([891, 16, 16, 16])
Concatenating T1, T2 and diffusion
Computing stats from labels
computing finite mean and std
Path is /home/u2hussai/project/u2hussai/scratch_14Sept21/dtitraining/downsample_cut_pad/sub-469961//6/
Reading niftis from /home/u2hussai/project/u2hussai/scratch_14Sept21/dtitraining/downsample_cut_pad/sub-469961//6/
144
Path is /home/u2hussai/project/u2hussai/scratch_14Sept21/dtitraining/downsample_cut_pad/sub-469961//90/
Reading niftis from /home/u2hussai/project/u2hussai/scratch_14Sept21/dtitraining/downsample_cut_pad/sub-469961//90/
144
NormalizingS0
Computing stats for inputs
computing finite mean and std
zero mean 1 std
including structural
computing finite mean and std
computing finite mean and std
the shape of X is  torch.Size([891, 16, 16, 16, 1])
the shape of T1 is  torch.Size([891, 16, 16, 16])
the shape of T2 is  torch.Size([891, 16, 16, 16])
Concatenating T1, T2 and diffusion
Computing stats from labels
computing finite mean and std
Path is /home/u2hussai/project/u2hussai/scratch_14Sept21/dtitraining/downsample_cut_pad/sub-100206//6/
Reading niftis from /home/u2hussai/project/u2hussai/scratch_14Sept21/dtitraining/downsample_cut_pad/sub-100206//6/
144
Path is /home/u2hussai/project/u2hussai/scratch_14Sept21/dtitraining/downsample_cut_pad/sub-100206//90/
Reading niftis from /home/u2hussai/project/u2hussai/scratch_14Sept21/dtitraining/downsample_cut_pad/sub-100206//90/
144
NormalizingS0
Computing stats for inputs
computing finite mean and std
zero mean 1 std
including structural
computing finite mean and std
computing finite mean and std
the shape of X is  torch.Size([891, 16, 16, 16, 1])
the shape of T1 is  torch.Size([891, 16, 16, 16])
the shape of T2 is  torch.Size([891, 16, 16, 16])
Concatenating T1, T2 and diffusion
Computing stats from labels
computing finite mean and std
Attempting to concatenate tensors
Successfully concatenated tensors
Cin is 1
torch.Size([4649, 3, 16, 16, 16]) torch.Size([4649, 16, 16, 16])
Starting training
Epoch:  0
0.13120243573883789
Epoch:  1
0.03569762065978796
Epoch:  2
0.03282784920571598
Epoch:  3
0.03189052930500341
Epoch:  4
0.031120735580486353
Epoch:  5
0.030405697081107165
Epoch:  6
0.029801589830165887
Epoch:  7
0.029235396847978785
Epoch:  8
0.02875738890614235
Epoch     9: reducing learning rate of group 0 to 5.0000e-05.
Epoch:  9
0.028152846275486358
Epoch:  10
0.02777340307763137
Epoch:  11
0.027479694348314227
Epoch:  12
0.0272380924692362
Epoch:  13
0.026999982845375657
Epoch:  14
0.02676524593837796
Epoch:  15
0.02658156102090013
Epoch:  16
0.026379233425970865
Epoch    17: reducing learning rate of group 0 to 2.5000e-05.
Epoch:  17
0.02616004295236495
Epoch:  18
0.02593268438315436
Epoch:  19
0.02580425270656417
RETURNVAL=0
END_TIME: Mon 27 Sep 2021 01:50:36 PM EDT
