CMD: ./flattener.sh /home/u2hussai/scratch/dtitraining/downsample_cut_pad//sub-117930
START_TIME: Wed Aug 18 08:32:29 EDT 2021
/home/u2hussai/.local/lib/python3.8/site-packages/numpy/core/_asarray.py:102: VisibleDeprecationWarning: Creating an ndarray from ragged nested sequences (which is a list-or-tuple of lists-or-tuples-or ndarrays with different lengths or shapes) is deprecated. If you meant to do this, you must specify 'dtype=object' when creating the ndarray.
  return array(a, dtype, copy=False, order=order)
/home/u2hussai/.local/lib/python3.8/site-packages/stripy/spherical.py:1438: RuntimeWarning: invalid value encountered in arccos
  angles = np.arccos((extxyz * vertxyz).sum(axis=1))
0
1
2
3
4
[-1, 0, 7]
(7,)
0 0
1 7
0
1
2
3
4
[-1, 17, 108]
(108,)
0 17
18 108
0
1
2
3
4
RETURNVAL=0
END_TIME: Wed Aug 18 08:39:47 EDT 2021
