CMD: ./predictionScript.sh
START_TIME: Mon Nov 22 00:44:47 EST 2021
/home/u2hussai/.local/lib/python3.8/site-packages/numpy/core/_asarray.py:102: VisibleDeprecationWarning: Creating an ndarray from ragged nested sequences (which is a list-or-tuple of lists-or-tuples-or ndarrays with different lengths or shapes) is deprecated. If you meant to do this, you must specify 'dtype=object' when creating the ndarray.
  return array(a, dtype, copy=False, order=order)
/home/u2hussai/.local/lib/python3.8/site-packages/stripy/spherical.py:1438: RuntimeWarning: invalid value encountered in arccos
  angles = np.arccos((extxyz * vertxyz).sum(axis=1))
/home/u2hussai/scratch/prediction_other/sub-208125/6/
0
1
2
3
4
0
1
2
3
4
[-1, 0, 7]
(7,)
0 0
1 7
Making coords for patch extraction
Max patches available are  294
N is: None
using 294 patches
0
1
2
3
4
0
1
2
3
4
Cin is 448
Nscalar is 1
Nshells 1
Ndir 6
cINP IS 64
Length of activation list is 4
Starting prediction
0
cuda
1
cuda
2
cuda
3
cuda
4
cuda
5
cuda
6
cuda
7
cuda
8
cuda
9
cuda
10
cuda
11
cuda
12
cuda
13
cuda
14
cuda
15
cuda
16
cuda
17
cuda
18
cuda
19
cuda
20
cuda
21
cuda
22
cuda
23
cuda
24
cuda
25
cuda
26
cuda
27
cuda
28
cuda
29
cuda
30
cuda
31
cuda
32
cuda
33
cuda
34
cuda
35
cuda
36
cuda
37
cuda
38
cuda
39
cuda
40
cuda
41
cuda
42
cuda
43
cuda
44
cuda
45
cuda
46
cuda
47
cuda
48
cuda
49
cuda
50
cuda
51
cuda
52
cuda
53
cuda
54
cuda
55
cuda
56
cuda
57
cuda
58
cuda
59
cuda
60
cuda
61
cuda
62
cuda
63
cuda
64
cuda
65
cuda
66
cuda
67
cuda
68
cuda
69
cuda
70
cuda
71
cuda
72
cuda
73
cuda
74
cuda
75
cuda
76
cuda
77
cuda
78
cuda
79
cuda
80
cuda
81
cuda
82
cuda
83
cuda
84
cuda
85
cuda
86
cuda
87
cuda
88
cuda
89
cuda
90
cuda
91
cuda
92
cuda
93
cuda
94
cuda
95
cuda
96
cuda
97
cuda
98
cuda
99
cuda
100
cuda
101
cuda
102
cuda
103
cuda
104
cuda
105
cuda
106
cuda
107
cuda
108
cuda
109
cuda
110
cuda
111
cuda
112
cuda
113
cuda
114
cuda
115
cuda
116
cuda
117
cuda
118
cuda
119
cuda
120
cuda
121
cuda
122
cuda
123
cuda
124
cuda
125
cuda
126
cuda
127
cuda
128
cuda
129
cuda
130
cuda
131
cuda
132
cuda
133
cuda
134
cuda
135
cuda
136
cuda
137
cuda
138
cuda
139
cuda
140
cuda
141
cuda
142
cuda
143
cuda
144
cuda
145
cuda
146
cuda
147
cuda
148
cuda
149
cuda
150
cuda
151
cuda
152
cuda
153
cuda
154
cuda
155
cuda
156
cuda
157
cuda
158
cuda
159
cuda
160
cuda
161
cuda
162
cuda
163
cuda
164
cuda
165
cuda
166
cuda
167
cuda
168
cuda
169
cuda
170
cuda
171
cuda
172
cuda
173
cuda
174
cuda
175
cuda
176
cuda
177
cuda
178
cuda
179
cuda
180
cuda
181
cuda
182
cuda
183
cuda
184
cuda
185
cuda
186
cuda
187
cuda
188
cuda
189
cuda
190
cuda
191
cuda
192
cuda
193
cuda
194
cuda
195
cuda
196
cuda
197
cuda
198
cuda
199
cuda
200
cuda
201
cuda
202
cuda
203
cuda
204
cuda
205
cuda
206
cuda
207
cuda
208
cuda
209
cuda
210
cuda
211
cuda
212
cuda
213
cuda
214
cuda
215
cuda
216
cuda
217
cuda
218
cuda
219
cuda
220
cuda
221
cuda
222
cuda
223
cuda
224
cuda
225
cuda
226
cuda
227
cuda
228
cuda
229
cuda
230
cuda
231
cuda
232
cuda
233
cuda
234
cuda
235
cuda
236
cuda
237
cuda
238
cuda
239
cuda
240
cuda
241
cuda
242
cuda
243
cuda
244
cuda
245
cuda
246
cuda
247
cuda
248
cuda
249
cuda
250
cuda
251
cuda
252
cuda
253
cuda
254
cuda
255
cuda
256
cuda
257
cuda
258
cuda
259
cuda
260
cuda
261
cuda
262
cuda
263
cuda
264
cuda
265
cuda
266
cuda
267
cuda
268
cuda
269
cuda
270
cuda
271
cuda
272
cuda
273
cuda
274
cuda
275
cuda
276
cuda
277
cuda
278
cuda
279
cuda
280
cuda
281
cuda
282
cuda
283
cuda
284
cuda
285
cuda
286
cuda
287
cuda
288
cuda
289
cuda
290
cuda
291
cuda
292
cuda
293
cuda
Number of bdirs is:  100
/home/u2hussai/scratch/prediction_other/sub-715950/6/
0
1
2
3
4
0
1
2
3
4
[-1, 0, 7]
(7,)
0 0
1 7
Making coords for patch extraction
Max patches available are  300
N is: None
using 300 patches
0
1
2
3
4
0
1
2
3
4
Cin is 448
Nscalar is 1
Nshells 1
Ndir 6
cINP IS 64
Length of activation list is 4
Starting prediction
0
cuda
1
cuda
2
cuda
3
cuda
4
cuda
5
cuda
6
cuda
7
cuda
8
cuda
9
cuda
10
cuda
11
cuda
12
cuda
13
cuda
14
cuda
15
cuda
16
cuda
17
cuda
18
cuda
19
cuda
20
cuda
21
cuda
22
cuda
23
cuda
24
cuda
25
cuda
26
cuda
27
cuda
28
cuda
29
cuda
30
cuda
31
cuda
32
cuda
33
cuda
34
cuda
35
cuda
36
cuda
37
cuda
38
cuda
39
cuda
40
cuda
41
cuda
42
cuda
43
cuda
44
cuda
45
cuda
46
cuda
47
cuda
48
cuda
49
cuda
50
cuda
51
cuda
52
cuda
53
cuda
54
cuda
55
cuda
56
cuda
57
cuda
58
cuda
59
cuda
60
cuda
61
cuda
62
cuda
63
cuda
64
cuda
65
cuda
66
cuda
67
cuda
68
cuda
69
cuda
70
cuda
71
cuda
72
cuda
73
cuda
74
cuda
75
cuda
76
cuda
77
cuda
78
cuda
79
cuda
80
cuda
81
cuda
82
cuda
83
cuda
84
cuda
85
cuda
86
cuda
87
cuda
88
cuda
89
cuda
90
cuda
91
cuda
92
cuda
93
cuda
94
cuda
95
cuda
96
cuda
97
cuda
98
cuda
99
cuda
100
cuda
101
cuda
102
cuda
103
cuda
104
cuda
105
cuda
106
cuda
107
cuda
108
cuda
109
cuda
110
cuda
111
cuda
112
cuda
113
cuda
114
cuda
115
cuda
116
cuda
117
cuda
118
cuda
119
cuda
120
cuda
121
cuda
122
cuda
123
cuda
124
cuda
125
cuda
126
cuda
127
cuda
128
cuda
129
cuda
130
cuda
131
cuda
132
cuda
133
cuda
134
cuda
135
cuda
136
cuda
137
cuda
138
cuda
139
cuda
140
cuda
141
cuda
142
cuda
143
cuda
144
cuda
145
cuda
146
cuda
147
cuda
148
cuda
149
cuda
150
cuda
151
cuda
152
cuda
153
cuda
154
cuda
155
cuda
156
cuda
157
cuda
158
cuda
159
cuda
160
cuda
161
cuda
162
cuda
163
cuda
164
cuda
165
cuda
166
cuda
167
cuda
168
cuda
169
cuda
170
cuda
171
cuda
172
cuda
173
cuda
174
cuda
175
cuda
176
cuda
177
cuda
178
cuda
179
cuda
180
cuda
181
cuda
182
cuda
183
cuda
184
cuda
185
cuda
186
cuda
187
cuda
188
cuda
189
cuda
190
cuda
191
cuda
192
cuda
193
cuda
194
cuda
195
cuda
196
cuda
197
cuda
198
cuda
199
cuda
200
cuda
201
cuda
202
cuda
203
cuda
204
cuda
205
cuda
206
cuda
207
cuda
208
cuda
209
cuda
210
cuda
211
cuda
212
cuda
213
cuda
214
cuda
215
cuda
216
cuda
217
cuda
218
cuda
219
cuda
220
cuda
221
cuda
222
cuda
223
cuda
224
cuda
225
cuda
226
cuda
227
cuda
228
cuda
229
cuda
230
cuda
231
cuda
232
cuda
233
cuda
234
cuda
235
cuda
236
cuda
237
cuda
238
cuda
239
cuda
240
cuda
241
cuda
242
cuda
243
cuda
244
cuda
245
cuda
246
cuda
247
cuda
248
cuda
249
cuda
250
cuda
251
cuda
252
cuda
253
cuda
254
cuda
255
cuda
256
cuda
257
cuda
258
cuda
259
cuda
260
cuda
261
cuda
262
cuda
263
cuda
264
cuda
265
cuda
266
cuda
267
cuda
268
cuda
269
cuda
270
cuda
271
cuda
272
cuda
273
cuda
274
cuda
275
cuda
276
cuda
277
cuda
278
cuda
279
cuda
280
cuda
281
cuda
282
cuda
283
cuda
284
cuda
285
cuda
286
cuda
287
cuda
288
cuda
289
cuda
290
cuda
291
cuda
292
cuda
293
cuda
294
cuda
295
cuda
296
cuda
297
cuda
298
cuda
299
cuda
Number of bdirs is:  100
/home/u2hussai/scratch/prediction_other/sub-581450/6/
0
1
2
3
4
0
1
2
3
4
[-1, 0, 7]
(7,)
0 0
1 7
Making coords for patch extraction
Max patches available are  325
N is: None
using 325 patches
0
1
2
3
4
0
1
2
3
4
Cin is 448
Nscalar is 1
Nshells 1
Ndir 6
cINP IS 64
Length of activation list is 4
Starting prediction
0
cuda
1
cuda
2
cuda
3
cuda
4
cuda
5
cuda
6
cuda
7
cuda
8
cuda
9
cuda
10
cuda
11
cuda
12
cuda
13
cuda
14
cuda
15
cuda
16
cuda
17
cuda
18
cuda
19
cuda
20
cuda
21
cuda
22
cuda
23
cuda
24
cuda
25
cuda
26
cuda
27
cuda
28
cuda
29
cuda
30
cuda
31
cuda
32
cuda
33
cuda
34
cuda
35
cuda
36
cuda
37
cuda
38
cuda
39
cuda
40
cuda
41
cuda
42
cuda
43
cuda
44
cuda
45
cuda
46
cuda
47
cuda
48
cuda
49
cuda
50
cuda
51
cuda
52
cuda
53
cuda
54
cuda
55
cuda
56
cuda
57
cuda
58
cuda
59
cuda
60
cuda
61
cuda
62
cuda
63
cuda
64
cuda
65
cuda
66
cuda
67
cuda
68
cuda
69
cuda
70
cuda
71
cuda
72
cuda
73
cuda
74
cuda
75
cuda
76
cuda
77
cuda
78
cuda
79
cuda
80
cuda
81
cuda
82
cuda
83
cuda
84
cuda
85
cuda
86
cuda
87
cuda
88
cuda
89
cuda
90
cuda
91
cuda
92
cuda
93
cuda
94
cuda
95
cuda
96
cuda
97
cuda
98
cuda
99
cuda
100
cuda
101
cuda
102
cuda
103
cuda
104
cuda
105
cuda
106
cuda
107
cuda
108
cuda
109
cuda
110
cuda
111
cuda
112
cuda
113
cuda
114
cuda
115
cuda
116
cuda
117
cuda
118
cuda
119
cuda
120
cuda
121
cuda
122
cuda
123
cuda
124
cuda
125
cuda
126
cuda
127
cuda
128
cuda
129
cuda
130
cuda
131
cuda
132
cuda
133
cuda
134
cuda
135
cuda
136
cuda
137
cuda
138
cuda
139
cuda
140
cuda
141
cuda
142
cuda
143
cuda
144
cuda
145
cuda
146
cuda
147
cuda
148
cuda
149
cuda
150
cuda
151
cuda
152
cuda
153
cuda
154
cuda
155
cuda
156
cuda
157
cuda
158
cuda
159
cuda
160
cuda
161
cuda
162
cuda
163
cuda
164
cuda
165
cuda
166
cuda
167
cuda
168
cuda
169
cuda
170
cuda
171
cuda
172
cuda
173
cuda
174
cuda
175
cuda
176
cuda
177
cuda
178
cuda
179
cuda
180
cuda
181
cuda
182
cuda
183
cuda
184
cuda
185
cuda
186
cuda
187
cuda
188
cuda
189
cuda
190
cuda
191
cuda
192
cuda
193
cuda
194
cuda
195
cuda
196
cuda
197
cuda
198
cuda
199
cuda
200
cuda
201
cuda
202
cuda
203
cuda
204
cuda
205
cuda
206
cuda
207
cuda
208
cuda
209
cuda
210
cuda
211
cuda
212
cuda
213
cuda
214
cuda
215
cuda
216
cuda
217
cuda
218
cuda
219
cuda
220
cuda
221
cuda
222
cuda
223
cuda
224
cuda
225
cuda
226
cuda
227
cuda
228
cuda
229
cuda
230
cuda
231
cuda
232
cuda
233
cuda
234
cuda
235
cuda
236
cuda
237
cuda
238
cuda
239
cuda
240
cuda
241
cuda
242
cuda
243
cuda
244
cuda
245
cuda
246
cuda
247
cuda
248
cuda
249
cuda
250
cuda
251
cuda
252
cuda
253
cuda
254
cuda
255
cuda
256
cuda
257
cuda
258
cuda
259
cuda
260
cuda
261
cuda
262
cuda
263
cuda
264
cuda
265
cuda
266
cuda
267
cuda
268
cuda
269
cuda
270
cuda
271
cuda
272
cuda
273
cuda
274
cuda
275
cuda
276
cuda
277
cuda
278
cuda
279
cuda
280
cuda
281
cuda
282
cuda
283
cuda
284
cuda
285
cuda
286
cuda
287
cuda
288
cuda
289
cuda
290
cuda
291
cuda
292
cuda
293
cuda
294
cuda
295
cuda
296
cuda
297
cuda
298
cuda
299
cuda
300
cuda
301
cuda
302
cuda
303
cuda
304
cuda
305
cuda
306
cuda
307
cuda
308
cuda
309
cuda
310
cuda
311
cuda
312
cuda
313
cuda
314
cuda
315
cuda
316
cuda
317
cuda
318
cuda
319
cuda
320
cuda
321
cuda
322
cuda
323
cuda
324
cuda
Number of bdirs is:  100
/home/u2hussai/scratch/prediction_other/sub-108525/6/
0
1
2
3
4
0
1
2
3
4
[-1, 0, 7]
(7,)
0 0
1 7
Making coords for patch extraction
Max patches available are  303
N is: None
using 303 patches
0
1
2
3
4
0
1
2
3
4
Cin is 448
Nscalar is 1
Nshells 1
Ndir 6
cINP IS 64
Length of activation list is 4
Starting prediction
0
cuda
1
cuda
2
cuda
3
cuda
4
cuda
5
cuda
6
cuda
7
cuda
8
cuda
9
cuda
10
cuda
11
cuda
12
cuda
13
cuda
14
cuda
15
cuda
16
cuda
17
cuda
18
cuda
19
cuda
20
cuda
21
cuda
22
cuda
23
cuda
24
cuda
25
cuda
26
cuda
27
cuda
28
cuda
29
cuda
30
cuda
31
cuda
32
cuda
33
cuda
34
cuda
35
cuda
36
cuda
37
cuda
38
cuda
39
cuda
40
cuda
41
cuda
42
cuda
43
cuda
44
cuda
45
cuda
46
cuda
47
cuda
48
cuda
49
cuda
50
cuda
51
cuda
52
cuda
53
cuda
54
cuda
55
cuda
56
cuda
57
cuda
58
cuda
59
cuda
60
cuda
61
cuda
62
cuda
63
cuda
64
cuda
65
cuda
66
cuda
67
cuda
68
cuda
69
cuda
70
cuda
71
cuda
72
cuda
73
cuda
74
cuda
75
cuda
76
cuda
77
cuda
78
cuda
79
cuda
80
cuda
81
cuda
82
cuda
83
cuda
84
cuda
85
cuda
86
cuda
87
cuda
88
cuda
89
cuda
90
cuda
91
cuda
92
cuda
93
cuda
94
cuda
95
cuda
96
cuda
97
cuda
98
cuda
99
cuda
100
cuda
101
cuda
102
cuda
103
cuda
104
cuda
105
cuda
106
cuda
107
cuda
108
cuda
109
cuda
110
cuda
111
cuda
112
cuda
113
cuda
114
cuda
115
cuda
116
cuda
117
cuda
118
cuda
119
cuda
120
cuda
121
cuda
122
cuda
123
cuda
124
cuda
125
cuda
126
cuda
127
cuda
128
cuda
129
cuda
130
cuda
131
cuda
132
cuda
133
cuda
134
cuda
135
cuda
136
cuda
137
cuda
138
cuda
139
cuda
140
cuda
141
cuda
142
cuda
143
cuda
144
cuda
145
cuda
146
cuda
147
cuda
148
cuda
149
cuda
150
cuda
151
cuda
152
cuda
153
cuda
154
cuda
155
cuda
156
cuda
157
cuda
158
cuda
159
cuda
160
cuda
161
cuda
162
cuda
163
cuda
164
cuda
165
cuda
166
cuda
167
cuda
168
cuda
169
cuda
170
cuda
171
cuda
172
cuda
173
cuda
174
cuda
175
cuda
176
cuda
177
cuda
178
cuda
179
cuda
180
cuda
181
cuda
182
cuda
183
cuda
184
cuda
185
cuda
186
cuda
187
cuda
188
cuda
189
cuda
190
cuda
191
cuda
192
cuda
193
cuda
194
cuda
195
cuda
196
cuda
197
cuda
198
cuda
199
cuda
200
cuda
201
cuda
202
cuda
203
cuda
204
cuda
205
cuda
206
cuda
207
cuda
208
cuda
209
cuda
210
cuda
211
cuda
212
cuda
213
cuda
214
cuda
215
cuda
216
cuda
217
cuda
218
cuda
219
cuda
220
cuda
221
cuda
222
cuda
223
cuda
224
cuda
225
cuda
226
cuda
227
cuda
228
cuda
229
cuda
230
cuda
231
cuda
232
cuda
233
cuda
234
cuda
235
cuda
236
cuda
237
cuda
238
cuda
239
cuda
240
cuda
241
cuda
242
cuda
243
cuda
244
cuda
245
cuda
246
cuda
247
cuda
248
cuda
249
cuda
250
cuda
251
cuda
252
cuda
253
cuda
254
cuda
255
cuda
256
cuda
257
cuda
258
cuda
259
cuda
260
cuda
261
cuda
262
cuda
263
cuda
264
cuda
265
cuda
266
cuda
267
cuda
268
cuda
269
cuda
270
cuda
271
cuda
272
cuda
273
cuda
274
cuda
275
cuda
276
cuda
277
cuda
278
cuda
279
cuda
280
cuda
281
cuda
282
cuda
283
cuda
284
cuda
285
cuda
286
cuda
287
cuda
288
cuda
289
cuda
290
cuda
291
cuda
292
cuda
293
cuda
294
cuda
295
cuda
296
cuda
297
cuda
298
cuda
299
cuda
300
cuda
301
cuda
302
cuda
Number of bdirs is:  100
/home/u2hussai/scratch/prediction_other/sub-160931/6/
0
1
2
3
4
0
1
2
3
4
[-1, 0, 7]
(7,)
0 0
1 7
Making coords for patch extraction
Max patches available are  310
N is: None
using 310 patches
0
1
2
3
4
0
1
2
3
4
Cin is 448
Nscalar is 1
Nshells 1
Ndir 6
cINP IS 64
Length of activation list is 4
Starting prediction
0
cuda
1
cuda
2
cuda
3
cuda
4
cuda
5
cuda
6
cuda
7
cuda
8
cuda
9
cuda
10
cuda
11
cuda
12
cuda
13
cuda
14
cuda
15
cuda
16
cuda
17
cuda
18
cuda
19
cuda
20
cuda
21
cuda
22
cuda
23
cuda
24
cuda
25
cuda
26
cuda
27
cuda
28
cuda
29
cuda
30
cuda
31
cuda
32
cuda
33
cuda
34
cuda
35
cuda
36
cuda
37
cuda
38
cuda
39
cuda
40
cuda
41
cuda
42
cuda
43
cuda
44
cuda
45
cuda
46
cuda
47
cuda
48
cuda
49
cuda
50
cuda
51
cuda
52
cuda
53
cuda
54
cuda
55
cuda
56
cuda
57
cuda
58
cuda
59
cuda
60
cuda
61
cuda
62
cuda
63
cuda
64
cuda
65
cuda
66
cuda
67
cuda
68
cuda
69
cuda
70
cuda
71
cuda
72
cuda
73
cuda
74
cuda
75
cuda
76
cuda
77
cuda
78
cuda
79
cuda
80
cuda
81
cuda
82
cuda
83
cuda
84
cuda
85
cuda
86
cuda
87
cuda
88
cuda
89
cuda
90
cuda
91
cuda
92
cuda
93
cuda
94
cuda
95
cuda
96
cuda
97
cuda
98
cuda
99
cuda
100
cuda
101
cuda
102
cuda
103
cuda
104
cuda
105
cuda
106
cuda
107
cuda
108
cuda
109
cuda
110
cuda
111
cuda
112
cuda
113
cuda
114
cuda
115
cuda
116
cuda
117
cuda
118
cuda
119
cuda
120
cuda
121
cuda
122
cuda
123
cuda
124
cuda
125
cuda
126
cuda
127
cuda
128
cuda
129
cuda
130
cuda
131
cuda
132
cuda
133
cuda
134
cuda
135
cuda
136
cuda
137
cuda
138
cuda
139
cuda
140
cuda
141
cuda
142
cuda
143
cuda
144
cuda
145
cuda
146
cuda
147
cuda
148
cuda
149
cuda
150
cuda
151
cuda
152
cuda
153
cuda
154
cuda
155
cuda
156
cuda
157
cuda
158
cuda
159
cuda
160
cuda
161
cuda
162
cuda
163
cuda
164
cuda
165
cuda
166
cuda
167
cuda
168
cuda
169
cuda
170
cuda
171
cuda
172
cuda
173
cuda
174
cuda
175
cuda
176
cuda
177
cuda
178
cuda
179
cuda
180
cuda
181
cuda
182
cuda
183
cuda
184
cuda
185
cuda
186
cuda
187
cuda
188
cuda
189
cuda
190
cuda
191
cuda
192
cuda
193
cuda
194
cuda
195
cuda
196
cuda
197
cuda
198
cuda
199
cuda
200
cuda
201
cuda
202
cuda
203
cuda
204
cuda
205
cuda
206
cuda
207
cuda
208
cuda
209
cuda
210
cuda
211
cuda
212
cuda
213
cuda
214
cuda
215
cuda
216
cuda
217
cuda
218
cuda
219
cuda
220
cuda
221
cuda
222
cuda
223
cuda
224
cuda
225
cuda
226
cuda
227
cuda
228
cuda
229
cuda
230
cuda
231
cuda
232
cuda
233
cuda
234
cuda
235
cuda
236
cuda
237
cuda
238
cuda
239
cuda
240
cuda
241
cuda
242
cuda
243
cuda
244
cuda
245
cuda
246
cuda
247
cuda
248
cuda
249
cuda
250
cuda
251
cuda
252
cuda
253
cuda
254
cuda
255
cuda
256
cuda
257
cuda
258
cuda
259
cuda
260
cuda
261
cuda
262
cuda
263
cuda
264
cuda
265
cuda
266
cuda
267
cuda
268
cuda
269
cuda
270
cuda
271
cuda
272
cuda
273
cuda
274
cuda
275
cuda
276
cuda
277
cuda
278
cuda
279
cuda
280
cuda
281
cuda
282
cuda
283
cuda
284
cuda
285
cuda
286
cuda
287
cuda
288
cuda
289
cuda
290
cuda
291
cuda
292
cuda
293
cuda
294
cuda
295
cuda
296
cuda
297
cuda
298
cuda
299
cuda
300
cuda
301
cuda
302
cuda
303
cuda
304
cuda
305
cuda
306
cuda
307
cuda
308
cuda
309
cuda
Number of bdirs is:  100
/home/u2hussai/scratch/prediction_other/sub-987074/6/
0
1
2
3
4
0
1
2
3
4
[-1, 0, 7]
(7,)
0 0
1 7
Making coords for patch extraction
Max patches available are  322
N is: None
using 322 patches
0
1
2
3
4
0
1
2
3
4
Cin is 448
Nscalar is 1
Nshells 1
Ndir 6
cINP IS 64
Length of activation list is 4
Starting prediction
0
cuda
1
cuda
2
cuda
3
cuda
4
cuda
5
cuda
6
cuda
7
cuda
8
cuda
9
cuda
10
cuda
11
cuda
12
cuda
13
cuda
14
cuda
15
cuda
16
cuda
17
cuda
18
cuda
19
cuda
20
cuda
21
cuda
22
cuda
23
cuda
24
cuda
25
cuda
26
cuda
27
cuda
28
cuda
29
cuda
30
cuda
31
cuda
32
cuda
33
cuda
34
cuda
35
cuda
36
cuda
37
cuda
38
cuda
39
cuda
40
cuda
41
cuda
42
cuda
43
cuda
44
cuda
45
cuda
46
cuda
47
cuda
48
cuda
49
cuda
50
cuda
51
cuda
52
cuda
53
cuda
54
cuda
55
cuda
56
cuda
57
cuda
58
cuda
59
cuda
60
cuda
61
cuda
62
cuda
63
cuda
64
cuda
65
cuda
66
cuda
67
cuda
68
cuda
69
cuda
70
cuda
71
cuda
72
cuda
73
cuda
74
cuda
75
cuda
76
cuda
77
cuda
78
cuda
79
cuda
80
cuda
81
cuda
82
cuda
83
cuda
84
cuda
85
cuda
86
cuda
87
cuda
88
cuda
89
cuda
90
cuda
91
cuda
92
cuda
93
cuda
94
cuda
95
cuda
96
cuda
97
cuda
98
cuda
99
cuda
100
cuda
101
cuda
102
cuda
103
cuda
104
cuda
105
cuda
106
cuda
107
cuda
108
cuda
109
cuda
110
cuda
111
cuda
112
cuda
113
cuda
114
cuda
115
cuda
116
cuda
117
cuda
118
cuda
119
cuda
120
cuda
121
cuda
122
cuda
123
cuda
124
cuda
125
cuda
126
cuda
127
cuda
128
cuda
129
cuda
130
cuda
131
cuda
132
cuda
133
cuda
134
cuda
135
cuda
136
cuda
137
cuda
138
cuda
139
cuda
140
cuda
141
cuda
142
cuda
143
cuda
144
cuda
145
cuda
146
cuda
147
cuda
148
cuda
149
cuda
150
cuda
151
cuda
152
cuda
153
cuda
154
cuda
155
cuda
156
cuda
157
cuda
158
cuda
159
cuda
160
cuda
161
cuda
162
cuda
163
cuda
164
cuda
165
cuda
166
cuda
167
cuda
168
cuda
169
cuda
170
cuda
171
cuda
172
cuda
173
cuda
174
cuda
175
cuda
176
cuda
177
cuda
178
cuda
179
cuda
180
cuda
181
cuda
182
cuda
183
cuda
184
cuda
185
cuda
186
cuda
187
cuda
188
cuda
189
cuda
190
cuda
191
cuda
192
cuda
193
cuda
194
cuda
195
cuda
196
cuda
197
cuda
198
cuda
199
cuda
200
cuda
201
cuda
202
cuda
203
cuda
204
cuda
205
cuda
206
cuda
207
cuda
208
cuda
209
cuda
210
cuda
211
cuda
212
cuda
213
cuda
214
cuda
215
cuda
216
cuda
217
cuda
218
cuda
219
cuda
220
cuda
221
cuda
222
cuda
223
cuda
224
cuda
225
cuda
226
cuda
227
cuda
228
cuda
229
cuda
230
cuda
231
cuda
232
cuda
233
cuda
234
cuda
235
cuda
236
cuda
237
cuda
238
cuda
239
cuda
240
cuda
241
cuda
242
cuda
243
cuda
244
cuda
245
cuda
246
cuda
247
cuda
248
cuda
249
cuda
250
cuda
251
cuda
252
cuda
253
cuda
254
cuda
255
cuda
256
cuda
257
cuda
258
cuda
259
cuda
260
cuda
261
cuda
262
cuda
263
cuda
264
cuda
265
cuda
266
cuda
267
cuda
268
cuda
269
cuda
270
cuda
271
cuda
272
cuda
273
cuda
274
cuda
275
cuda
276
cuda
277
cuda
278
cuda
279
cuda
280
cuda
281
cuda
282
cuda
283
cuda
284
cuda
285
cuda
286
cuda
287
cuda
288
cuda
289
cuda
290
cuda
291
cuda
292
cuda
293
cuda
294
cuda
295
cuda
296
cuda
297
cuda
298
cuda
299
cuda
300
cuda
301
cuda
302
cuda
303
cuda
304
cuda
305
cuda
306
cuda
307
cuda
308
cuda
309
cuda
310
cuda
311
cuda
312
cuda
313
cuda
314
cuda
315
cuda
316
cuda
317
cuda
318
cuda
319
cuda
320
cuda
321
cuda
Number of bdirs is:  100
/home/u2hussai/scratch/prediction_other/sub-155635/6/
0
1
2
3
4
0
1
2
3
4
[-1, 0, 7]
(7,)
0 0
1 7
Making coords for patch extraction
Max patches available are  311
N is: None
using 311 patches
0
1
2
3
4
0
1
2
3
4
Cin is 448
Nscalar is 1
Nshells 1
Ndir 6
cINP IS 64
Length of activation list is 4
Starting prediction
0
cuda
1
cuda
2
cuda
3
cuda
4
cuda
5
cuda
6
cuda
7
cuda
8
cuda
9
cuda
10
cuda
11
cuda
12
cuda
13
cuda
14
cuda
15
cuda
16
cuda
17
cuda
18
cuda
19
cuda
20
cuda
21
cuda
22
cuda
23
cuda
24
cuda
25
cuda
26
cuda
27
cuda
28
cuda
29
cuda
30
cuda
31
cuda
32
cuda
33
cuda
34
cuda
35
cuda
36
cuda
37
cuda
38
cuda
39
cuda
40
cuda
41
cuda
42
cuda
43
cuda
44
cuda
45
cuda
46
cuda
47
cuda
48
cuda
49
cuda
50
cuda
51
cuda
52
cuda
53
cuda
54
cuda
55
cuda
56
cuda
57
cuda
58
cuda
59
cuda
60
cuda
61
cuda
62
cuda
63
cuda
64
cuda
65
cuda
66
cuda
67
cuda
68
cuda
69
cuda
70
cuda
71
cuda
72
cuda
73
cuda
74
cuda
75
cuda
76
cuda
77
cuda
78
cuda
79
cuda
80
cuda
81
cuda
82
cuda
83
cuda
84
cuda
85
cuda
86
cuda
87
cuda
88
cuda
89
cuda
90
cuda
91
cuda
92
cuda
93
cuda
94
cuda
95
cuda
96
cuda
97
cuda
98
cuda
99
cuda
100
cuda
101
cuda
102
cuda
103
cuda
104
cuda
105
cuda
106
cuda
107
cuda
108
cuda
109
cuda
110
cuda
111
cuda
112
cuda
113
cuda
114
cuda
115
cuda
116
cuda
117
cuda
118
cuda
119
cuda
120
cuda
121
cuda
122
cuda
123
cuda
124
cuda
125
cuda
126
cuda
127
cuda
128
cuda
129
cuda
130
cuda
131
cuda
132
cuda
133
cuda
134
cuda
135
cuda
136
cuda
137
cuda
138
cuda
139
cuda
140
cuda
141
cuda
142
cuda
143
cuda
144
cuda
145
cuda
146
cuda
147
cuda
148
cuda
149
cuda
150
cuda
151
cuda
152
cuda
153
cuda
154
cuda
155
cuda
156
cuda
157
cuda
158
cuda
159
cuda
160
cuda
161
cuda
162
cuda
163
cuda
164
cuda
165
cuda
166
cuda
167
cuda
168
cuda
169
cuda
170
cuda
171
cuda
172
cuda
173
cuda
174
cuda
175
cuda
176
cuda
177
cuda
178
cuda
179
cuda
180
cuda
181
cuda
182
cuda
183
cuda
184
cuda
185
cuda
186
cuda
187
cuda
188
cuda
189
cuda
190
cuda
191
cuda
192
cuda
193
cuda
194
cuda
195
cuda
196
cuda
197
cuda
198
cuda
199
cuda
200
cuda
201
cuda
202
cuda
203
cuda
204
cuda
205
cuda
206
cuda
207
cuda
208
cuda
209
cuda
210
cuda
211
cuda
212
cuda
213
cuda
214
cuda
215
cuda
216
cuda
217
cuda
218
cuda
219
cuda
220
cuda
221
cuda
222
cuda
223
cuda
224
cuda
225
cuda
226
cuda
227
cuda
228
cuda
229
cuda
230
cuda
231
cuda
232
cuda
233
cuda
234
cuda
235
cuda
236
cuda
237
cuda
238
cuda
239
cuda
240
cuda
241
cuda
242
cuda
243
cuda
244
cuda
245
cuda
246
cuda
247
cuda
248
cuda
249
cuda
250
cuda
251
cuda
252
cuda
253
cuda
254
cuda
255
cuda
256
cuda
257
cuda
258
cuda
259
cuda
260
cuda
261
cuda
262
cuda
263
cuda
264
cuda
265
cuda
266
cuda
267
cuda
268
cuda
269
cuda
270
cuda
271
cuda
272
cuda
273
cuda
274
cuda
275
cuda
276
cuda
277
cuda
278
cuda
279
cuda
280
cuda
281
cuda
282
cuda
283
cuda
284
cuda
285
cuda
286
cuda
287
cuda
288
cuda
289
cuda
290
cuda
291
cuda
292
cuda
293
cuda
294
cuda
295
cuda
296
cuda
297
cuda
298
cuda
299
cuda
300
cuda
301
cuda
302
cuda
303
cuda
304
cuda
305
cuda
306
cuda
307
cuda
308
cuda
309
cuda
310
cuda
Number of bdirs is:  100
/home/u2hussai/scratch/prediction_other/sub-567052/6/
0
1
2
3
4
0
1
2
3
4
[-1, 0, 7]
(7,)
0 0
1 7
Making coords for patch extraction
Max patches available are  337
N is: None
using 337 patches
0
1
2
3
4
0
1
2
3
4
Cin is 448
Nscalar is 1
Nshells 1
Ndir 6
cINP IS 64
Length of activation list is 4
Starting prediction
0
cuda
1
cuda
2
cuda
3
cuda
4
cuda
5
cuda
6
cuda
7
cuda
8
cuda
9
cuda
10
cuda
11
cuda
12
cuda
13
cuda
14
cuda
15
cuda
16
cuda
17
cuda
18
cuda
19
cuda
20
cuda
21
cuda
22
cuda
23
cuda
24
cuda
25
cuda
26
cuda
27
cuda
28
cuda
29
cuda
30
cuda
31
cuda
32
cuda
33
cuda
34
cuda
35
cuda
36
cuda
37
cuda
38
cuda
39
cuda
40
cuda
41
cuda
42
cuda
43
cuda
44
cuda
45
cuda
46
cuda
47
cuda
48
cuda
49
cuda
50
cuda
51
cuda
52
cuda
53
cuda
54
cuda
55
cuda
56
cuda
57
cuda
58
cuda
59
cuda
60
cuda
61
cuda
62
cuda
63
cuda
64
cuda
65
cuda
66
cuda
67
cuda
68
cuda
69
cuda
70
cuda
71
cuda
72
cuda
73
cuda
74
cuda
75
cuda
76
cuda
77
cuda
78
cuda
79
cuda
80
cuda
81
cuda
82
cuda
83
cuda
84
cuda
85
cuda
86
cuda
87
cuda
88
cuda
89
cuda
90
cuda
91
cuda
92
cuda
93
cuda
94
cuda
95
cuda
96
cuda
97
cuda
98
cuda
99
cuda
100
cuda
101
cuda
102
cuda
103
cuda
104
cuda
105
cuda
106
cuda
107
cuda
108
cuda
109
cuda
110
cuda
111
cuda
112
cuda
113
cuda
114
cuda
115
cuda
116
cuda
117
cuda
118
cuda
119
cuda
120
cuda
121
cuda
122
cuda
123
cuda
124
cuda
125
cuda
126
cuda
127
cuda
128
cuda
129
cuda
130
cuda
131
cuda
132
cuda
133
cuda
134
cuda
135
cuda
136
cuda
137
cuda
138
cuda
139
cuda
140
cuda
141
cuda
142
cuda
143
cuda
144
cuda
145
cuda
146
cuda
147
cuda
148
cuda
149
cuda
150
cuda
151
cuda
152
cuda
153
cuda
154
cuda
155
cuda
156
cuda
157
cuda
158
cuda
159
cuda
160
cuda
161
cuda
162
cuda
163
cuda
164
cuda
165
cuda
166
cuda
167
cuda
168
cuda
169
cuda
170
cuda
171
cuda
172
cuda
173
cuda
174
cuda
175
cuda
176
cuda
177
cuda
178
cuda
179
cuda
180
cuda
181
cuda
182
cuda
183
cuda
184
cuda
185
cuda
186
cuda
187
cuda
188
cuda
189
cuda
190
cuda
191
cuda
192
cuda
193
cuda
194
cuda
195
cuda
196
cuda
197
cuda
198
cuda
199
cuda
200
cuda
201
cuda
202
cuda
203
cuda
204
cuda
205
cuda
206
cuda
207
cuda
208
cuda
209
cuda
210
cuda
211
cuda
212
cuda
213
cuda
214
cuda
215
cuda
216
cuda
217
cuda
218
cuda
219
cuda
220
cuda
221
cuda
222
cuda
223
cuda
224
cuda
225
cuda
226
cuda
227
cuda
228
cuda
229
cuda
230
cuda
231
cuda
232
cuda
233
cuda
234
cuda
235
cuda
236
cuda
237
cuda
238
cuda
239
cuda
240
cuda
241
cuda
242
cuda
243
cuda
244
cuda
245
cuda
246
cuda
247
cuda
248
cuda
249
cuda
250
cuda
251
cuda
252
cuda
253
cuda
254
cuda
255
cuda
256
cuda
257
cuda
258
cuda
259
cuda
260
cuda
261
cuda
262
cuda
263
cuda
264
cuda
265
cuda
266
cuda
267
cuda
268
cuda
269
cuda
270
cuda
271
cuda
272
cuda
273
cuda
274
cuda
275
cuda
276
cuda
277
cuda
278
cuda
279
cuda
280
cuda
281
cuda
282
cuda
283
cuda
284
cuda
285
cuda
286
cuda
287
cuda
288
cuda
289
cuda
290
cuda
291
cuda
292
cuda
293
cuda
294
cuda
295
cuda
296
cuda
297
cuda
298
cuda
299
cuda
300
cuda
301
cuda
302
cuda
303
cuda
304
cuda
305
cuda
306
cuda
307
cuda
308
cuda
309
cuda
310
cuda
311
cuda
312
cuda
313
cuda
314
cuda
315
cuda
316
cuda
317
cuda
318
cuda
319
cuda
320
cuda
321
cuda
322
cuda
323
cuda
324
cuda
325
cuda
326
cuda
327
cuda
328
cuda
329
cuda
330
cuda
331
cuda
332
cuda
333
cuda
334
cuda
335
cuda
336
cuda
Number of bdirs is:  100
/home/u2hussai/scratch/prediction_other/sub-112516/6/
0
1
2
3
4
0
1
2
3
4
[-1, 0, 7]
(7,)
0 0
1 7
Making coords for patch extraction
Max patches available are  260
N is: None
using 260 patches
0
1
2
3
4
0
1
2
3
4
Cin is 448
Nscalar is 1
Nshells 1
Ndir 6
cINP IS 64
Length of activation list is 4
Starting prediction
0
cuda
1
cuda
2
cuda
3
cuda
4
cuda
5
cuda
6
cuda
7
cuda
8
cuda
9
cuda
10
cuda
11
cuda
12
cuda
13
cuda
14
cuda
15
cuda
16
cuda
17
cuda
18
cuda
19
cuda
20
cuda
21
cuda
22
cuda
23
cuda
24
cuda
25
cuda
26
cuda
27
cuda
28
cuda
29
cuda
30
cuda
31
cuda
32
cuda
33
cuda
34
cuda
35
cuda
36
cuda
37
cuda
38
cuda
39
cuda
40
cuda
41
cuda
42
cuda
43
cuda
44
cuda
45
cuda
46
cuda
47
cuda
48
cuda
49
cuda
50
cuda
51
cuda
52
cuda
53
cuda
54
cuda
55
cuda
56
cuda
57
cuda
58
cuda
59
cuda
60
cuda
61
cuda
62
cuda
63
cuda
64
cuda
65
cuda
66
cuda
67
cuda
68
cuda
69
cuda
70
cuda
71
cuda
72
cuda
73
cuda
74
cuda
75
cuda
76
cuda
77
cuda
78
cuda
79
cuda
80
cuda
81
cuda
82
cuda
83
cuda
84
cuda
85
cuda
86
cuda
87
cuda
88
cuda
89
cuda
90
cuda
91
cuda
92
cuda
93
cuda
94
cuda
95
cuda
96
cuda
97
cuda
98
cuda
99
cuda
100
cuda
101
cuda
102
cuda
103
cuda
104
cuda
105
cuda
106
cuda
107
cuda
108
cuda
109
cuda
110
cuda
111
cuda
112
cuda
113
cuda
114
cuda
115
cuda
116
cuda
117
cuda
118
cuda
119
cuda
120
cuda
121
cuda
122
cuda
123
cuda
124
cuda
125
cuda
126
cuda
127
cuda
128
cuda
129
cuda
130
cuda
131
cuda
132
cuda
133
cuda
134
cuda
135
cuda
136
cuda
137
cuda
138
cuda
139
cuda
140
cuda
141
cuda
142
cuda
143
cuda
144
cuda
145
cuda
146
cuda
147
cuda
148
cuda
149
cuda
150
cuda
151
cuda
152
cuda
153
cuda
154
cuda
155
cuda
156
cuda
157
cuda
158
cuda
159
cuda
160
cuda
161
cuda
162
cuda
163
cuda
164
cuda
165
cuda
166
cuda
167
cuda
168
cuda
169
cuda
170
cuda
171
cuda
172
cuda
173
cuda
174
cuda
175
cuda
176
cuda
177
cuda
178
cuda
179
cuda
180
cuda
181
cuda
182
cuda
183
cuda
184
cuda
185
cuda
186
cuda
187
cuda
188
cuda
189
cuda
190
cuda
191
cuda
192
cuda
193
cuda
194
cuda
195
cuda
196
cuda
197
cuda
198
cuda
199
cuda
200
cuda
201
cuda
202
cuda
203
cuda
204
cuda
205
cuda
206
cuda
207
cuda
208
cuda
209
cuda
210
cuda
211
cuda
212
cuda
213
cuda
214
cuda
215
cuda
216
cuda
217
cuda
218
cuda
219
cuda
220
cuda
221
cuda
222
cuda
223
cuda
224
cuda
225
cuda
226
cuda
227
cuda
228
cuda
229
cuda
230
cuda
231
cuda
232
cuda
233
cuda
234
cuda
235
cuda
236
cuda
237
cuda
238
cuda
239
cuda
240
cuda
241
cuda
242
cuda
243
cuda
244
cuda
245
cuda
246
cuda
247
cuda
248
cuda
249
cuda
250
cuda
251
cuda
252
cuda
253
cuda
254
cuda
255
cuda
256
cuda
257
cuda
258
cuda
259
cuda
Number of bdirs is:  100
/home/u2hussai/scratch/prediction_other/sub-192439/6/
0
1
2
3
4
0
1
2
3
4
[-1, 0, 7]
(7,)
0 0
1 7
Making coords for patch extraction
Max patches available are  287
N is: None
using 287 patches
0
1
2
3
4
0
1
2
3
4
Cin is 448
Nscalar is 1
Nshells 1
Ndir 6
cINP IS 64
Length of activation list is 4
Starting prediction
0
cuda
1
cuda
2
cuda
3
cuda
4
cuda
5
cuda
6
cuda
7
cuda
8
cuda
9
cuda
10
cuda
11
cuda
12
cuda
13
cuda
14
cuda
15
cuda
16
cuda
17
cuda
18
cuda
19
cuda
20
cuda
21
cuda
22
cuda
23
cuda
24
cuda
25
cuda
26
cuda
27
cuda
28
cuda
29
cuda
30
cuda
31
cuda
32
cuda
33
cuda
34
cuda
35
cuda
36
cuda
37
cuda
38
cuda
39
cuda
40
cuda
41
cuda
42
cuda
43
cuda
44
cuda
45
cuda
46
cuda
47
cuda
48
cuda
49
cuda
50
cuda
51
cuda
52
cuda
53
cuda
54
cuda
55
cuda
56
cuda
57
cuda
58
cuda
59
cuda
60
cuda
61
cuda
62
cuda
63
cuda
64
cuda
65
cuda
66
cuda
67
cuda
68
cuda
69
cuda
70
cuda
71
cuda
72
cuda
73
cuda
74
cuda
75
cuda
76
cuda
77
cuda
78
cuda
79
cuda
80
cuda
81
cuda
82
cuda
83
cuda
84
cuda
85
cuda
86
cuda
87
cuda
88
cuda
89
cuda
90
cuda
91
cuda
92
cuda
93
cuda
94
cuda
95
cuda
96
cuda
97
cuda
98
cuda
99
cuda
100
cuda
101
cuda
102
cuda
103
cuda
104
cuda
105
cuda
106
cuda
107
cuda
108
cuda
109
cuda
110
cuda
111
cuda
112
cuda
113
cuda
114
cuda
115
cuda
116
cuda
117
cuda
118
cuda
119
cuda
120
cuda
121
cuda
122
cuda
123
cuda
124
cuda
125
cuda
126
cuda
127
cuda
128
cuda
129
cuda
130
cuda
131
cuda
132
cuda
133
cuda
134
cuda
135
cuda
136
cuda
137
cuda
138
cuda
139
cuda
140
cuda
141
cuda
142
cuda
143
cuda
144
cuda
145
cuda
146
cuda
147
cuda
148
cuda
149
cuda
150
cuda
151
cuda
152
cuda
153
cuda
154
cuda
155
cuda
156
cuda
157
cuda
158
cuda
159
cuda
160
cuda
161
cuda
162
cuda
163
cuda
164
cuda
165
cuda
166
cuda
167
cuda
168
cuda
169
cuda
170
cuda
171
cuda
172
cuda
173
cuda
174
cuda
175
cuda
176
cuda
177
cuda
178
cuda
179
cuda
180
cuda
181
cuda
182
cuda
183
cuda
184
cuda
185
cuda
186
cuda
187
cuda
188
cuda
189
cuda
190
cuda
191
cuda
192
cuda
193
cuda
194
cuda
195
cuda
196
cuda
197
cuda
198
cuda
199
cuda
200
cuda
201
cuda
202
cuda
203
cuda
204
cuda
205
cuda
206
cuda
207
cuda
208
cuda
209
cuda
210
cuda
211
cuda
212
cuda
213
cuda
214
cuda
215
cuda
216
cuda
217
cuda
218
cuda
219
cuda
220
cuda
221
cuda
222
cuda
223
cuda
224
cuda
225
cuda
226
cuda
227
cuda
228
cuda
229
cuda
230
cuda
231
cuda
232
cuda
233
cuda
234
cuda
235
cuda
236
cuda
237
cuda
238
cuda
239
cuda
240
cuda
241
cuda
242
cuda
243
cuda
244
cuda
245
cuda
246
cuda
247
cuda
248
cuda
249
cuda
250
cuda
251
cuda
252
cuda
253
cuda
254
cuda
255
cuda
256
cuda
257
cuda
258
cuda
259
cuda
260
cuda
261
cuda
262
cuda
263
cuda
264
cuda
265
cuda
266
cuda
267
cuda
268
cuda
269
cuda
270
cuda
271
cuda
272
cuda
273
cuda
274
cuda
275
cuda
276
cuda
277
cuda
278
cuda
279
cuda
280
cuda
281
cuda
282
cuda
283
cuda
284
cuda
285
cuda
286
cuda
Number of bdirs is:  100
/home/u2hussai/scratch/prediction_other/sub-204319/6/
0
1
2
3
4
0
1
2
3
4
[-1, 0, 7]
(7,)
0 0
1 7
Making coords for patch extraction
Max patches available are  315
N is: None
using 315 patches
0
1
2
3
4
0
1
2
3
4
Cin is 448
Nscalar is 1
Nshells 1
Ndir 6
cINP IS 64
Length of activation list is 4
Starting prediction
0
cuda
1
cuda
2
cuda
3
cuda
4
cuda
5
cuda
6
cuda
7
cuda
8
cuda
9
cuda
10
cuda
11
cuda
12
cuda
13
cuda
14
cuda
15
cuda
16
cuda
17
cuda
18
cuda
19
cuda
20
cuda
21
cuda
22
cuda
23
cuda
24
cuda
25
cuda
26
cuda
27
cuda
28
cuda
29
cuda
30
cuda
31
cuda
32
cuda
33
cuda
34
cuda
35
cuda
36
cuda
37
cuda
38
cuda
39
cuda
40
cuda
41
cuda
42
cuda
43
cuda
44
cuda
45
cuda
46
cuda
47
cuda
48
cuda
49
cuda
50
cuda
51
cuda
52
cuda
53
cuda
54
cuda
55
cuda
56
cuda
57
cuda
58
cuda
59
cuda
60
cuda
61
cuda
62
cuda
63
cuda
64
cuda
65
cuda
66
cuda
67
cuda
68
cuda
69
cuda
70
cuda
71
cuda
72
cuda
73
cuda
74
cuda
75
cuda
76
cuda
77
cuda
78
cuda
79
cuda
80
cuda
81
cuda
82
cuda
83
cuda
84
cuda
85
cuda
86
cuda
87
cuda
88
cuda
89
cuda
90
cuda
91
cuda
92
cuda
93
cuda
94
cuda
95
cuda
96
cuda
97
cuda
98
cuda
99
cuda
100
cuda
101
cuda
102
cuda
103
cuda
104
cuda
105
cuda
106
cuda
107
cuda
108
cuda
109
cuda
110
cuda
111
cuda
112
cuda
113
cuda
114
cuda
115
cuda
116
cuda
117
cuda
118
cuda
119
cuda
120
cuda
121
cuda
122
cuda
123
cuda
124
cuda
125
cuda
126
cuda
127
cuda
128
cuda
129
cuda
130
cuda
131
cuda
132
cuda
133
cuda
134
cuda
135
cuda
136
cuda
137
cuda
138
cuda
139
cuda
140
cuda
141
cuda
142
cuda
143
cuda
144
cuda
145
cuda
146
cuda
147
cuda
148
cuda
149
cuda
150
cuda
151
cuda
152
cuda
153
cuda
154
cuda
155
cuda
156
cuda
157
cuda
158
cuda
159
cuda
160
cuda
161
cuda
162
cuda
163
cuda
164
cuda
165
cuda
166
cuda
167
cuda
168
cuda
169
cuda
170
cuda
171
cuda
172
cuda
173
cuda
174
cuda
175
cuda
176
cuda
177
cuda
178
cuda
179
cuda
180
cuda
181
cuda
182
cuda
183
cuda
184
cuda
185
cuda
186
cuda
187
cuda
188
cuda
189
cuda
190
cuda
191
cuda
192
cuda
193
cuda
194
cuda
195
cuda
196
cuda
197
cuda
198
cuda
199
cuda
200
cuda
201
cuda
202
cuda
203
cuda
204
cuda
205
cuda
206
cuda
207
cuda
208
cuda
209
cuda
210
cuda
211
cuda
212
cuda
213
cuda
214
cuda
215
cuda
216
cuda
217
cuda
218
cuda
219
cuda
220
cuda
221
cuda
222
cuda
223
cuda
224
cuda
225
cuda
226
cuda
227
cuda
228
cuda
229
cuda
230
cuda
231
cuda
232
cuda
233
cuda
234
cuda
235
cuda
236
cuda
237
cuda
238
cuda
239
cuda
240
cuda
241
cuda
242
cuda
243
cuda
244
cuda
245
cuda
246
cuda
247
cuda
248
cuda
249
cuda
250
cuda
251
cuda
252
cuda
253
cuda
254
cuda
255
cuda
256
cuda
257
cuda
258
cuda
259
cuda
260
cuda
261
cuda
262
cuda
263
cuda
264
cuda
265
cuda
266
cuda
267
cuda
268
cuda
269
cuda
270
cuda
271
cuda
272
cuda
273
cuda
274
cuda
275
cuda
276
cuda
277
cuda
278
cuda
279
cuda
280
cuda
281
cuda
282
cuda
283
cuda
284
cuda
285
cuda
286
cuda
287
cuda
288
cuda
289
cuda
290
cuda
291
cuda
292
cuda
293
cuda
294
cuda
295
cuda
296
cuda
297
cuda
298
cuda
299
cuda
300
cuda
301
cuda
302
cuda
303
cuda
304
cuda
305
cuda
306
cuda
307
cuda
308
cuda
309
cuda
310
cuda
311
cuda
312
cuda
313
cuda
314
cuda
Number of bdirs is:  100
/home/u2hussai/scratch/prediction_other/sub-163129/6/
0
1
2
3
4
0
1
2
3
4
[-1, 0, 7]
(7,)
0 0
1 7
Making coords for patch extraction
Max patches available are  298
N is: None
using 298 patches
0
1
2
3
4
0
1
2
3
4
Cin is 448
Nscalar is 1
Nshells 1
Ndir 6
cINP IS 64
Length of activation list is 4
Starting prediction
0
cuda
1
cuda
2
cuda
3
cuda
4
cuda
5
cuda
6
cuda
7
cuda
8
cuda
9
cuda
10
cuda
11
cuda
12
cuda
13
cuda
14
cuda
15
cuda
16
cuda
17
cuda
18
cuda
19
cuda
20
cuda
21
cuda
22
cuda
23
cuda
24
cuda
25
cuda
26
cuda
27
cuda
28
cuda
29
cuda
30
cuda
31
cuda
32
cuda
33
cuda
34
cuda
35
cuda
36
cuda
37
cuda
38
cuda
39
cuda
40
cuda
41
cuda
42
cuda
43
cuda
44
cuda
45
cuda
46
cuda
47
cuda
48
cuda
49
cuda
50
cuda
51
cuda
52
cuda
53
cuda
54
cuda
55
cuda
56
cuda
57
cuda
58
cuda
59
cuda
60
cuda
61
cuda
62
cuda
63
cuda
64
cuda
65
cuda
66
cuda
67
cuda
68
cuda
69
cuda
70
cuda
71
cuda
72
cuda
73
cuda
74
cuda
75
cuda
76
cuda
77
cuda
78
cuda
79
cuda
80
cuda
81
cuda
82
cuda
83
cuda
84
cuda
85
cuda
86
cuda
87
cuda
88
cuda
89
cuda
90
cuda
91
cuda
92
cuda
93
cuda
94
cuda
95
cuda
96
cuda
97
cuda
98
cuda
99
cuda
100
cuda
101
cuda
102
cuda
103
cuda
104
cuda
105
cuda
106
cuda
107
cuda
108
cuda
109
cuda
110
cuda
111
cuda
112
cuda
113
cuda
114
cuda
115
cuda
116
cuda
117
cuda
118
cuda
119
cuda
120
cuda
121
cuda
122
cuda
123
cuda
124
cuda
125
cuda
126
cuda
127
cuda
128
cuda
129
cuda
130
cuda
131
cuda
132
cuda
133
cuda
134
cuda
135
cuda
136
cuda
137
cuda
138
cuda
139
cuda
140
cuda
141
cuda
142
cuda
143
cuda
144
cuda
145
cuda
146
cuda
147
cuda
148
cuda
149
cuda
150
cuda
151
cuda
152
cuda
153
cuda
154
cuda
155
cuda
156
cuda
157
cuda
158
cuda
159
cuda
160
cuda
161
cuda
162
cuda
163
cuda
164
cuda
165
cuda
166
cuda
167
cuda
168
cuda
169
cuda
170
cuda
171
cuda
172
cuda
173
cuda
174
cuda
175
cuda
176
cuda
177
cuda
178
cuda
179
cuda
180
cuda
181
cuda
182
cuda
183
cuda
184
cuda
185
cuda
186
cuda
187
cuda
188
cuda
189
cuda
190
cuda
191
cuda
192
cuda
193
cuda
194
cuda
195
cuda
196
cuda
197
cuda
198
cuda
199
cuda
200
cuda
201
cuda
202
cuda
203
cuda
204
cuda
205
cuda
206
cuda
207
cuda
208
cuda
209
cuda
210
cuda
211
cuda
212
cuda
213
cuda
214
cuda
215
cuda
216
cuda
217
cuda
218
cuda
219
cuda
220
cuda
221
cuda
222
cuda
223
cuda
224
cuda
225
cuda
226
cuda
227
cuda
228
cuda
229
cuda
230
cuda
231
cuda
232
cuda
233
cuda
234
cuda
235
cuda
236
cuda
237
cuda
238
cuda
239
cuda
240
cuda
241
cuda
242
cuda
243
cuda
244
cuda
245
cuda
246
cuda
247
cuda
248
cuda
249
cuda
250
cuda
251
cuda
252
cuda
253
cuda
254
cuda
255
cuda
256
cuda
257
cuda
258
cuda
259
cuda
260
cuda
261
cuda
262
cuda
263
cuda
264
cuda
265
cuda
266
cuda
267
cuda
268
cuda
269
cuda
270
cuda
271
cuda
272
cuda
273
cuda
274
cuda
275
cuda
276
cuda
277
cuda
278
cuda
279
cuda
280
cuda
281
cuda
282
cuda
283
cuda
284
cuda
285
cuda
286
cuda
287
cuda
288
cuda
289
cuda
290
cuda
291
cuda
292
cuda
293
cuda
294
cuda
295
cuda
296
cuda
297
cuda
Number of bdirs is:  100
/home/u2hussai/scratch/prediction_other/sub-165436/6/
0
1
2
3
4
0
1
2
3
4
[-1, 0, 7]
(7,)
0 0
1 7
Making coords for patch extraction
Max patches available are  328
N is: None
using 328 patches
0
1
2
3
4
0
1
2
3
4
Cin is 448
Nscalar is 1
Nshells 1
Ndir 6
cINP IS 64
Length of activation list is 4
Starting prediction
0
cuda
1
cuda
2
cuda
3
cuda
4
cuda
5
cuda
6
cuda
7
cuda
8
cuda
9
cuda
10
cuda
11
cuda
12
cuda
13
cuda
14
cuda
15
cuda
16
cuda
17
cuda
18
cuda
19
cuda
20
cuda
21
cuda
22
cuda
23
cuda
24
cuda
25
cuda
26
cuda
27
cuda
28
cuda
29
cuda
30
cuda
31
cuda
32
cuda
33
cuda
34
cuda
35
cuda
36
cuda
37
cuda
38
cuda
39
cuda
40
cuda
41
cuda
42
cuda
43
cuda
44
cuda
45
cuda
46
cuda
47
cuda
48
cuda
49
cuda
50
cuda
51
cuda
52
cuda
53
cuda
54
cuda
55
cuda
56
cuda
57
cuda
58
cuda
59
cuda
60
cuda
61
cuda
62
cuda
63
cuda
64
cuda
65
cuda
66
cuda
67
cuda
68
cuda
69
cuda
70
cuda
71
cuda
72
cuda
73
cuda
74
cuda
75
cuda
76
cuda
77
cuda
78
cuda
79
cuda
80
cuda
81
cuda
82
cuda
83
cuda
84
cuda
85
cuda
86
cuda
87
cuda
88
cuda
89
cuda
90
cuda
91
cuda
92
cuda
93
cuda
94
cuda
95
cuda
96
cuda
97
cuda
98
cuda
99
cuda
100
cuda
101
cuda
102
cuda
103
cuda
104
cuda
105
cuda
106
cuda
107
cuda
108
cuda
109
cuda
110
cuda
111
cuda
112
cuda
113
cuda
114
cuda
115
cuda
116
cuda
117
cuda
118
cuda
119
cuda
120
cuda
121
cuda
122
cuda
123
cuda
124
cuda
125
cuda
126
cuda
127
cuda
128
cuda
129
cuda
130
cuda
131
cuda
132
cuda
133
cuda
134
cuda
135
cuda
136
cuda
137
cuda
138
cuda
139
cuda
140
cuda
141
cuda
142
cuda
143
cuda
144
cuda
145
cuda
146
cuda
147
cuda
148
cuda
149
cuda
150
cuda
151
cuda
152
cuda
153
cuda
154
cuda
155
cuda
156
cuda
157
cuda
158
cuda
159
cuda
160
cuda
161
cuda
162
cuda
163
cuda
164
cuda
165
cuda
166
cuda
167
cuda
168
cuda
169
cuda
170
cuda
171
cuda
172
cuda
173
cuda
174
cuda
175
cuda
176
cuda
177
cuda
178
cuda
179
cuda
180
cuda
181
cuda
182
cuda
183
cuda
184
cuda
185
cuda
186
cuda
187
cuda
188
cuda
189
cuda
190
cuda
191
cuda
192
cuda
193
cuda
194
cuda
195
cuda
196
cuda
197
cuda
198
cuda
199
cuda
200
cuda
201
cuda
202
cuda
203
cuda
204
cuda
205
cuda
206
cuda
207
cuda
208
cuda
209
cuda
210
cuda
211
cuda
212
cuda
213
cuda
214
cuda
215
cuda
216
cuda
217
cuda
218
cuda
219
cuda
220
cuda
221
cuda
222
cuda
223
cuda
224
cuda
225
cuda
226
cuda
227
cuda
228
cuda
229
cuda
230
cuda
231
cuda
232
cuda
233
cuda
234
cuda
235
cuda
236
cuda
237
cuda
238
cuda
239
cuda
240
cuda
241
cuda
242
cuda
243
cuda
244
cuda
245
cuda
246
cuda
247
cuda
248
cuda
249
cuda
250
cuda
251
cuda
252
cuda
253
cuda
254
cuda
255
cuda
256
cuda
257
cuda
258
cuda
259
cuda
260
cuda
261
cuda
262
cuda
263
cuda
264
cuda
265
cuda
266
cuda
267
cuda
268
cuda
269
cuda
270
cuda
271
cuda
272
cuda
273
cuda
274
cuda
275
cuda
276
cuda
277
cuda
278
cuda
279
cuda
280
cuda
281
cuda
282
cuda
283
cuda
284
cuda
285
cuda
286
cuda
287
cuda
288
cuda
289
cuda
290
cuda
291
cuda
292
cuda
293
cuda
294
cuda
295
cuda
296
cuda
297
cuda
298
cuda
299
cuda
300
cuda
301
cuda
302
cuda
303
cuda
304
cuda
305
cuda
306
cuda
307
cuda
308
cuda
309
cuda
310
cuda
311
cuda
312
cuda
313
cuda
314
cuda
315
cuda
316
cuda
317
cuda
318
cuda
319
cuda
320
cuda
321
cuda
322
cuda
323
cuda
324
cuda
325
cuda
326
cuda
327
cuda
Number of bdirs is:  100
/home/u2hussai/scratch/prediction_other/sub-969476/6/
0
1
2
3
4
0
1
2
3
4
[-1, 0, 7]
(7,)
0 0
1 7
Making coords for patch extraction
Max patches available are  326
N is: None
using 326 patches
0
1
2
3
4
0
1
2
3
4
Cin is 448
Nscalar is 1
Nshells 1
Ndir 6
cINP IS 64
Length of activation list is 4
Starting prediction
0
cuda
1
cuda
2
cuda
3
cuda
4
cuda
5
cuda
6
cuda
7
cuda
8
cuda
9
cuda
10
cuda
11
cuda
12
cuda
13
cuda
14
cuda
15
cuda
16
cuda
17
cuda
18
cuda
19
cuda
20
cuda
21
cuda
22
cuda
23
cuda
24
cuda
25
cuda
26
cuda
27
cuda
28
cuda
29
cuda
30
cuda
31
cuda
32
cuda
33
cuda
34
cuda
35
cuda
36
cuda
37
cuda
38
cuda
39
cuda
40
cuda
41
cuda
42
cuda
43
cuda
44
cuda
45
cuda
46
cuda
47
cuda
48
cuda
49
cuda
50
cuda
51
cuda
52
cuda
53
cuda
54
cuda
55
cuda
56
cuda
57
cuda
58
cuda
59
cuda
60
cuda
61
cuda
62
cuda
63
cuda
64
cuda
65
cuda
66
cuda
67
cuda
68
cuda
69
cuda
70
cuda
71
cuda
72
cuda
73
cuda
74
cuda
75
cuda
76
cuda
77
cuda
78
cuda
79
cuda
80
cuda
81
cuda
82
cuda
83
cuda
84
cuda
85
cuda
86
cuda
87
cuda
88
cuda
89
cuda
90
cuda
91
cuda
92
cuda
93
cuda
94
cuda
95
cuda
96
cuda
97
cuda
98
cuda
99
cuda
100
cuda
101
cuda
102
cuda
103
cuda
104
cuda
105
cuda
106
cuda
107
cuda
108
cuda
109
cuda
110
cuda
111
cuda
112
cuda
113
cuda
114
cuda
115
cuda
116
cuda
117
cuda
118
cuda
119
cuda
120
cuda
121
cuda
122
cuda
123
cuda
124
cuda
125
cuda
126
cuda
127
cuda
128
cuda
129
cuda
130
cuda
131
cuda
132
cuda
133
cuda
134
cuda
135
cuda
136
cuda
137
cuda
138
cuda
139
cuda
140
cuda
141
cuda
142
cuda
143
cuda
144
cuda
145
cuda
146
cuda
147
cuda
148
cuda
149
cuda
150
cuda
151
cuda
152
cuda
153
cuda
154
cuda
155
cuda
156
cuda
157
cuda
158
cuda
159
cuda
160
cuda
161
cuda
162
cuda
163
cuda
164
cuda
165
cuda
166
cuda
167
cuda
168
cuda
169
cuda
170
cuda
171
cuda
172
cuda
173
cuda
174
cuda
175
cuda
176
cuda
177
cuda
178
cuda
179
cuda
180
cuda
181
cuda
182
cuda
183
cuda
184
cuda
185
cuda
186
cuda
187
cuda
188
cuda
189
cuda
190
cuda
191
cuda
192
cuda
193
cuda
194
cuda
195
cuda
196
cuda
197
cuda
198
cuda
199
cuda
200
cuda
201
cuda
202
cuda
203
cuda
204
cuda
205
cuda
206
cuda
207
cuda
208
cuda
209
cuda
210
cuda
211
cuda
212
cuda
213
cuda
214
cuda
215
cuda
216
cuda
217
cuda
218
cuda
219
cuda
220
cuda
221
cuda
222
cuda
223
cuda
224
cuda
225
cuda
226
cuda
227
cuda
228
cuda
229
cuda
230
cuda
231
cuda
232
cuda
233
cuda
234
cuda
235
cuda
236
cuda
237
cuda
238
cuda
239
cuda
240
cuda
241
cuda
242
cuda
243
cuda
244
cuda
245
cuda
246
cuda
247
cuda
248
cuda
249
cuda
250
cuda
251
cuda
252
cuda
253
cuda
254
cuda
255
cuda
256
cuda
257
cuda
258
cuda
259
cuda
260
cuda
261
cuda
262
cuda
263
cuda
264
cuda
265
cuda
266
cuda
267
cuda
268
cuda
269
cuda
270
cuda
271
cuda
272
cuda
273
cuda
274
cuda
275
cuda
276
cuda
277
cuda
278
cuda
279
cuda
280
cuda
281
cuda
282
cuda
283
cuda
284
cuda
285
cuda
286
cuda
287
cuda
288
cuda
289
cuda
290
cuda
291
cuda
292
cuda
293
cuda
294
cuda
295
cuda
296
cuda
297
cuda
298
cuda
299
cuda
300
cuda
301
cuda
302
cuda
303
cuda
304
cuda
305
cuda
306
cuda
307
cuda
308
cuda
309
cuda
310
cuda
311
cuda
312
cuda
313
cuda
314
cuda
315
cuda
316
cuda
317
cuda
318
cuda
319
cuda
320
cuda
321
cuda
322
cuda
323
cuda
324
cuda
325
cuda
Number of bdirs is:  100
/home/u2hussai/scratch/prediction_other/sub-894673/6/
0
1
2
3
4
0
1
2
3
4
[-1, 0, 7]
(7,)
0 0
1 7
Making coords for patch extraction
Max patches available are  289
N is: None
using 289 patches
0
1
2
3
4
0
1
2
3
4
Cin is 448
Nscalar is 1
Nshells 1
Ndir 6
cINP IS 64
Length of activation list is 4
Starting prediction
0
cuda
1
cuda
2
cuda
3
cuda
4
cuda
5
cuda
6
cuda
7
cuda
8
cuda
9
cuda
10
cuda
11
cuda
12
cuda
13
cuda
14
cuda
15
cuda
16
cuda
17
cuda
18
cuda
19
cuda
20
cuda
21
cuda
22
cuda
23
cuda
24
cuda
25
cuda
26
cuda
27
cuda
28
cuda
29
cuda
30
cuda
31
cuda
32
cuda
33
cuda
34
cuda
35
cuda
36
cuda
37
cuda
38
cuda
39
cuda
40
cuda
41
cuda
42
cuda
43
cuda
44
cuda
45
cuda
46
cuda
47
cuda
48
cuda
49
cuda
50
cuda
51
cuda
52
cuda
53
cuda
54
cuda
55
cuda
56
cuda
57
cuda
58
cuda
59
cuda
60
cuda
61
cuda
62
cuda
63
cuda
64
cuda
65
cuda
66
cuda
67
cuda
68
cuda
69
cuda
70
cuda
71
cuda
72
cuda
73
cuda
74
cuda
75
cuda
76
cuda
77
cuda
78
cuda
79
cuda
80
cuda
81
cuda
82
cuda
83
cuda
84
cuda
85
cuda
86
cuda
87
cuda
88
cuda
89
cuda
90
cuda
91
cuda
92
cuda
93
cuda
94
cuda
95
cuda
96
cuda
97
cuda
98
cuda
99
cuda
100
cuda
101
cuda
102
cuda
103
cuda
104
cuda
105
cuda
106
cuda
107
cuda
108
cuda
109
cuda
110
cuda
111
cuda
112
cuda
113
cuda
114
cuda
115
cuda
116
cuda
117
cuda
118
cuda
119
cuda
120
cuda
121
cuda
122
cuda
123
cuda
124
cuda
125
cuda
126
cuda
127
cuda
128
cuda
129
cuda
130
cuda
131
cuda
132
cuda
133
cuda
134
cuda
135
cuda
136
cuda
137
cuda
138
cuda
139
cuda
140
cuda
141
cuda
142
cuda
143
cuda
144
cuda
145
cuda
146
cuda
147
cuda
148
cuda
149
cuda
150
cuda
151
cuda
152
cuda
153
cuda
154
cuda
155
cuda
156
cuda
157
cuda
158
cuda
159
cuda
160
cuda
161
cuda
162
cuda
163
cuda
164
cuda
165
cuda
166
cuda
167
cuda
168
cuda
169
cuda
170
cuda
171
cuda
172
cuda
173
cuda
174
cuda
175
cuda
176
cuda
177
cuda
178
cuda
179
cuda
180
cuda
181
cuda
182
cuda
183
cuda
184
cuda
185
cuda
186
cuda
187
cuda
188
cuda
189
cuda
190
cuda
191
cuda
192
cuda
193
cuda
194
cuda
195
cuda
196
cuda
197
cuda
198
cuda
199
cuda
200
cuda
201
cuda
202
cuda
203
cuda
204
cuda
205
cuda
206
cuda
207
cuda
208
cuda
209
cuda
210
cuda
211
cuda
212
cuda
213
cuda
214
cuda
215
cuda
216
cuda
217
cuda
218
cuda
219
cuda
220
cuda
221
cuda
222
cuda
223
cuda
224
cuda
225
cuda
226
cuda
227
cuda
228
cuda
229
cuda
230
cuda
231
cuda
232
cuda
233
cuda
234
cuda
235
cuda
236
cuda
237
cuda
238
cuda
239
cuda
240
cuda
241
cuda
242
cuda
243
cuda
244
cuda
245
cuda
246
cuda
247
cuda
248
cuda
249
cuda
250
cuda
251
cuda
252
cuda
253
cuda
254
cuda
255
cuda
256
cuda
257
cuda
258
cuda
259
cuda
260
cuda
261
cuda
262
cuda
263
cuda
264
cuda
265
cuda
266
cuda
267
cuda
268
cuda
269
cuda
270
cuda
271
cuda
272
cuda
273
cuda
274
cuda
275
cuda
276
cuda
277
cuda
278
cuda
279
cuda
280
cuda
281
cuda
282
cuda
283
cuda
284
cuda
285
cuda
286
cuda
287
cuda
288
cuda
Number of bdirs is:  100
/home/u2hussai/scratch/prediction_other/sub-162329/6/
0
1
2
3
4
0
1
2
3
4
[-1, 0, 7]
(7,)
0 0
1 7
Making coords for patch extraction
Max patches available are  255
N is: None
using 255 patches
0
1
2
3
4
0
1
2
3
4
Cin is 448
Nscalar is 1
Nshells 1
Ndir 6
cINP IS 64
Length of activation list is 4
Starting prediction
0
cuda
1
cuda
2
cuda
3
cuda
4
cuda
5
cuda
6
cuda
7
cuda
8
cuda
9
cuda
10
cuda
11
cuda
12
cuda
13
cuda
14
cuda
15
cuda
16
cuda
17
cuda
18
cuda
19
cuda
20
cuda
21
cuda
22
cuda
23
cuda
24
cuda
25
cuda
26
cuda
27
cuda
28
cuda
29
cuda
30
cuda
31
cuda
32
cuda
33
cuda
34
cuda
35
cuda
36
cuda
37
cuda
38
cuda
39
cuda
40
cuda
41
cuda
42
cuda
43
cuda
44
cuda
45
cuda
46
cuda
47
cuda
48
cuda
49
cuda
50
cuda
51
cuda
52
cuda
53
cuda
54
cuda
55
cuda
56
cuda
57
cuda
58
cuda
59
cuda
60
cuda
61
cuda
62
cuda
63
cuda
64
cuda
65
cuda
66
cuda
67
cuda
68
cuda
69
cuda
70
cuda
71
cuda
72
cuda
73
cuda
74
cuda
75
cuda
76
cuda
77
cuda
78
cuda
79
cuda
80
cuda
81
cuda
82
cuda
83
cuda
84
cuda
85
cuda
86
cuda
87
cuda
88
cuda
89
cuda
90
cuda
91
cuda
92
cuda
93
cuda
94
cuda
95
cuda
96
cuda
97
cuda
98
cuda
99
cuda
100
cuda
101
cuda
102
cuda
103
cuda
104
cuda
105
cuda
106
cuda
107
cuda
108
cuda
109
cuda
110
cuda
111
cuda
112
cuda
113
cuda
114
cuda
115
cuda
116
cuda
117
cuda
118
cuda
119
cuda
120
cuda
121
cuda
122
cuda
123
cuda
124
cuda
125
cuda
126
cuda
127
cuda
128
cuda
129
cuda
130
cuda
131
cuda
132
cuda
133
cuda
134
cuda
135
cuda
136
cuda
137
cuda
138
cuda
139
cuda
140
cuda
141
cuda
142
cuda
143
cuda
144
cuda
145
cuda
146
cuda
147
cuda
148
cuda
149
cuda
150
cuda
151
cuda
152
cuda
153
cuda
154
cuda
155
cuda
156
cuda
157
cuda
158
cuda
159
cuda
160
cuda
161
cuda
162
cuda
163
cuda
164
cuda
165
cuda
166
cuda
167
cuda
168
cuda
169
cuda
170
cuda
171
cuda
172
cuda
173
cuda
174
cuda
175
cuda
176
cuda
177
cuda
178
cuda
179
cuda
180
cuda
181
cuda
182
cuda
183
cuda
184
cuda
185
cuda
186
cuda
187
cuda
188
cuda
189
cuda
190
cuda
191
cuda
192
cuda
193
cuda
194
cuda
195
cuda
196
cuda
197
cuda
198
cuda
199
cuda
200
cuda
201
cuda
202
cuda
203
cuda
204
cuda
205
cuda
206
cuda
207
cuda
208
cuda
209
cuda
210
cuda
211
cuda
212
cuda
213
cuda
214
cuda
215
cuda
216
cuda
217
cuda
218
cuda
219
cuda
220
cuda
221
cuda
222
cuda
223
cuda
224
cuda
225
cuda
226
cuda
227
cuda
228
cuda
229
cuda
230
cuda
231
cuda
232
cuda
233
cuda
234
cuda
235
cuda
236
cuda
237
cuda
238
cuda
239
cuda
240
cuda
241
cuda
242
cuda
243
cuda
244
cuda
245
cuda
246
cuda
247
cuda
248
cuda
249
cuda
250
cuda
251
cuda
252
cuda
253
cuda
254
cuda
Number of bdirs is:  100
/home/u2hussai/scratch/prediction_other/sub-908860/6/
0
1
2
3
4
0
1
2
3
4
[-1, 0, 7]
(7,)
0 0
1 7
Making coords for patch extraction
Max patches available are  350
N is: None
using 350 patches
0
1
2
3
4
0
1
2
3
4
Cin is 448
Nscalar is 1
Nshells 1
Ndir 6
cINP IS 64
Length of activation list is 4
Starting prediction
0
cuda
1
cuda
2
cuda
3
cuda
4
cuda
5
cuda
6
cuda
7
cuda
8
cuda
9
cuda
10
cuda
11
cuda
12
cuda
13
cuda
14
cuda
15
cuda
16
cuda
17
cuda
18
cuda
19
cuda
20
cuda
21
cuda
22
cuda
23
cuda
24
cuda
25
cuda
26
cuda
27
cuda
28
cuda
29
cuda
30
cuda
31
cuda
32
cuda
33
cuda
34
cuda
35
cuda
36
cuda
37
cuda
38
cuda
39
cuda
40
cuda
41
cuda
42
cuda
43
cuda
44
cuda
45
cuda
46
cuda
47
cuda
48
cuda
49
cuda
50
cuda
51
cuda
52
cuda
53
cuda
54
cuda
55
cuda
56
cuda
57
cuda
58
cuda
59
cuda
60
cuda
61
cuda
62
cuda
63
cuda
64
cuda
65
cuda
66
cuda
67
cuda
68
cuda
69
cuda
70
cuda
71
cuda
72
cuda
73
cuda
74
cuda
75
cuda
76
cuda
77
cuda
78
cuda
79
cuda
80
cuda
81
cuda
82
cuda
83
cuda
84
cuda
85
cuda
86
cuda
87
cuda
88
cuda
89
cuda
90
cuda
91
cuda
92
cuda
93
cuda
94
cuda
95
cuda
96
cuda
97
cuda
98
cuda
99
cuda
100
cuda
101
cuda
102
cuda
103
cuda
104
cuda
105
cuda
106
cuda
107
cuda
108
cuda
109
cuda
110
cuda
111
cuda
112
cuda
113
cuda
114
cuda
115
cuda
116
cuda
117
cuda
118
cuda
119
cuda
120
cuda
121
cuda
122
cuda
123
cuda
124
cuda
125
cuda
126
cuda
127
cuda
128
cuda
129
cuda
130
cuda
131
cuda
132
cuda
133
cuda
134
cuda
135
cuda
136
cuda
137
cuda
138
cuda
139
cuda
140
cuda
141
cuda
142
cuda
143
cuda
144
cuda
145
cuda
146
cuda
147
cuda
148
cuda
149
cuda
150
cuda
151
cuda
152
cuda
153
cuda
154
cuda
155
cuda
156
cuda
157
cuda
158
cuda
159
cuda
160
cuda
161
cuda
162
cuda
163
cuda
164
cuda
165
cuda
166
cuda
167
cuda
168
cuda
169
cuda
170
cuda
171
cuda
172
cuda
173
cuda
174
cuda
175
cuda
176
cuda
177
cuda
178
cuda
179
cuda
180
cuda
181
cuda
182
cuda
183
cuda
184
cuda
185
cuda
186
cuda
187
cuda
188
cuda
189
cuda
190
cuda
191
cuda
192
cuda
193
cuda
194
cuda
195
cuda
196
cuda
197
cuda
198
cuda
199
cuda
200
cuda
201
cuda
202
cuda
203
cuda
204
cuda
205
cuda
206
cuda
207
cuda
208
cuda
209
cuda
210
cuda
211
cuda
212
cuda
213
cuda
214
cuda
215
cuda
216
cuda
217
cuda
218
cuda
219
cuda
220
cuda
221
cuda
222
cuda
223
cuda
224
cuda
225
cuda
226
cuda
227
cuda
228
cuda
229
cuda
230
cuda
231
cuda
232
cuda
233
cuda
234
cuda
235
cuda
236
cuda
237
cuda
238
cuda
239
cuda
240
cuda
241
cuda
242
cuda
243
cuda
244
cuda
245
cuda
246
cuda
247
cuda
248
cuda
249
cuda
250
cuda
251
cuda
252
cuda
253
cuda
254
cuda
255
cuda
256
cuda
257
cuda
258
cuda
259
cuda
260
cuda
261
cuda
262
cuda
263
cuda
264
cuda
265
cuda
266
cuda
267
cuda
268
cuda
269
cuda
270
cuda
271
cuda
272
cuda
273
cuda
274
cuda
275
cuda
276
cuda
277
cuda
278
cuda
279
cuda
280
cuda
281
cuda
282
cuda
283
cuda
284
cuda
285
cuda
286
cuda
287
cuda
288
cuda
289
cuda
290
cuda
291
cuda
292
cuda
293
cuda
294
cuda
295
cuda
296
cuda
297
cuda
298
cuda
299
cuda
300
cuda
301
cuda
302
cuda
303
cuda
304
cuda
305
cuda
306
cuda
307
cuda
308
cuda
309
cuda
310
cuda
311
cuda
312
cuda
313
cuda
314
cuda
315
cuda
316
cuda
317
cuda
318
cuda
319
cuda
320
cuda
321
cuda
322
cuda
323
cuda
324
cuda
325
cuda
326
cuda
327
cuda
328
cuda
329
cuda
330
cuda
331
cuda
332
cuda
333
cuda
334
cuda
335
cuda
336
cuda
337
cuda
338
cuda
339
cuda
340
cuda
341
cuda
342
cuda
343
cuda
344
cuda
345
cuda
346
cuda
347
cuda
348
cuda
349
cuda
Number of bdirs is:  100
/home/u2hussai/scratch/prediction_other/sub-186545/6/
0
1
2
3
4
0
1
2
3
4
[-1, 0, 7]
(7,)
0 0
1 7
Making coords for patch extraction
Max patches available are  314
N is: None
using 314 patches
0
1
2
3
4
0
1
2
3
4
Cin is 448
Nscalar is 1
Nshells 1
Ndir 6
cINP IS 64
Length of activation list is 4
Starting prediction
0
cuda
1
cuda
2
cuda
3
cuda
4
cuda
5
cuda
6
cuda
7
cuda
8
cuda
9
cuda
10
cuda
11
cuda
12
cuda
13
cuda
14
cuda
15
cuda
16
cuda
17
cuda
18
cuda
19
cuda
20
cuda
21
cuda
22
cuda
23
cuda
24
cuda
25
cuda
26
cuda
27
cuda
28
cuda
29
cuda
30
cuda
31
cuda
32
cuda
33
cuda
34
cuda
35
cuda
36
cuda
37
cuda
38
cuda
39
cuda
40
cuda
41
cuda
42
cuda
43
cuda
44
cuda
45
cuda
46
cuda
47
cuda
48
cuda
49
cuda
50
cuda
51
cuda
52
cuda
53
cuda
54
cuda
55
cuda
56
cuda
57
cuda
58
cuda
59
cuda
60
cuda
61
cuda
62
cuda
63
cuda
64
cuda
65
cuda
66
cuda
67
cuda
68
cuda
69
cuda
70
cuda
71
cuda
72
cuda
73
cuda
74
cuda
75
cuda
76
cuda
77
cuda
78
cuda
79
cuda
80
cuda
81
cuda
82
cuda
83
cuda
84
cuda
85
cuda
86
cuda
87
cuda
88
cuda
89
cuda
90
cuda
91
cuda
92
cuda
93
cuda
94
cuda
95
cuda
96
cuda
97
cuda
98
cuda
99
cuda
100
cuda
101
cuda
102
cuda
103
cuda
104
cuda
105
cuda
106
cuda
107
cuda
108
cuda
109
cuda
110
cuda
111
cuda
112
cuda
113
cuda
114
cuda
115
cuda
116
cuda
117
cuda
118
cuda
119
cuda
120
cuda
121
cuda
122
cuda
123
cuda
124
cuda
125
cuda
126
cuda
127
cuda
128
cuda
129
cuda
130
cuda
131
cuda
132
cuda
133
cuda
134
cuda
135
cuda
136
cuda
137
cuda
138
cuda
139
cuda
140
cuda
141
cuda
142
cuda
143
cuda
144
cuda
145
cuda
146
cuda
147
cuda
148
cuda
149
cuda
150
cuda
151
cuda
152
cuda
153
cuda
154
cuda
155
cuda
156
cuda
157
cuda
158
cuda
159
cuda
160
cuda
161
cuda
162
cuda
163
cuda
164
cuda
165
cuda
166
cuda
167
cuda
168
cuda
169
cuda
170
cuda
171
cuda
172
cuda
173
cuda
174
cuda
175
cuda
176
cuda
177
cuda
178
cuda
179
cuda
180
cuda
181
cuda
182
cuda
183
cuda
184
cuda
185
cuda
186
cuda
187
cuda
188
cuda
189
cuda
190
cuda
191
cuda
192
cuda
193
cuda
194
cuda
195
cuda
196
cuda
197
cuda
198
cuda
199
cuda
200
cuda
201
cuda
202
cuda
203
cuda
204
cuda
205
cuda
206
cuda
207
cuda
208
cuda
209
cuda
210
cuda
211
cuda
212
cuda
213
cuda
214
cuda
215
cuda
216
cuda
217
cuda
218
cuda
219
cuda
220
cuda
221
cuda
222
cuda
223
cuda
224
cuda
225
cuda
226
cuda
227
cuda
228
cuda
229
cuda
230
cuda
231
cuda
232
cuda
233
cuda
234
cuda
235
cuda
236
cuda
237
cuda
238
cuda
239
cuda
240
cuda
241
cuda
242
cuda
243
cuda
244
cuda
245
cuda
246
cuda
247
cuda
248
cuda
249
cuda
250
cuda
251
cuda
252
cuda
253
cuda
254
cuda
255
cuda
256
cuda
257
cuda
258
cuda
259
cuda
260
cuda
261
cuda
262
cuda
263
cuda
264
cuda
265
cuda
266
cuda
267
cuda
268
cuda
269
cuda
270
cuda
271
cuda
272
cuda
273
cuda
274
cuda
275
cuda
276
cuda
277
cuda
278
cuda
279
cuda
280
cuda
281
cuda
282
cuda
283
cuda
284
cuda
285
cuda
286
cuda
287
cuda
288
cuda
289
cuda
290
cuda
291
cuda
292
cuda
293
cuda
294
cuda
295
cuda
296
cuda
297
cuda
298
cuda
299
cuda
300
cuda
301
cuda
302
cuda
303
cuda
304
cuda
305
cuda
306
cuda
307
cuda
308
cuda
309
cuda
310
cuda
311
cuda
312
cuda
313
cuda
Number of bdirs is:  100
/home/u2hussai/scratch/prediction_other/sub-141119/6/
0
1
2
3
4
0
1
2
3
4
[-1, 0, 7]
(7,)
0 0
1 7
Making coords for patch extraction
Max patches available are  325
N is: None
using 325 patches
0
1
2
3
4
0
1
2
3
4
Cin is 448
Nscalar is 1
Nshells 1
Ndir 6
cINP IS 64
Length of activation list is 4
Starting prediction
0
cuda
1
cuda
2
cuda
3
cuda
4
cuda
5
cuda
6
cuda
7
cuda
8
cuda
9
cuda
10
cuda
11
cuda
12
cuda
13
cuda
14
cuda
15
cuda
16
cuda
17
cuda
18
cuda
19
cuda
20
cuda
21
cuda
22
cuda
23
cuda
24
cuda
25
cuda
26
cuda
27
cuda
28
cuda
29
cuda
30
cuda
31
cuda
32
cuda
33
cuda
34
cuda
35
cuda
36
cuda
37
cuda
38
cuda
39
cuda
40
cuda
41
cuda
42
cuda
43
cuda
44
cuda
45
cuda
46
cuda
47
cuda
48
cuda
49
cuda
50
cuda
51
cuda
52
cuda
53
cuda
54
cuda
55
cuda
56
cuda
57
cuda
58
cuda
59
cuda
60
cuda
61
cuda
62
cuda
63
cuda
64
cuda
65
cuda
66
cuda
67
cuda
68
cuda
69
cuda
70
cuda
71
cuda
72
cuda
73
cuda
74
cuda
75
cuda
76
cuda
77
cuda
78
cuda
79
cuda
80
cuda
81
cuda
82
cuda
83
cuda
84
cuda
85
cuda
86
cuda
87
cuda
88
cuda
89
cuda
90
cuda
91
cuda
92
cuda
93
cuda
94
cuda
95
cuda
96
cuda
97
cuda
98
cuda
99
cuda
100
cuda
101
cuda
102
cuda
103
cuda
104
cuda
105
cuda
106
cuda
107
cuda
108
cuda
109
cuda
110
cuda
111
cuda
112
cuda
113
cuda
114
cuda
115
cuda
116
cuda
117
cuda
118
cuda
119
cuda
120
cuda
121
cuda
122
cuda
123
cuda
124
cuda
125
cuda
126
cuda
127
cuda
128
cuda
129
cuda
130
cuda
131
cuda
132
cuda
133
cuda
134
cuda
135
cuda
136
cuda
137
cuda
138
cuda
139
cuda
140
cuda
141
cuda
142
cuda
143
cuda
144
cuda
145
cuda
146
cuda
147
cuda
148
cuda
149
cuda
150
cuda
151
cuda
152
cuda
153
cuda
154
cuda
155
cuda
156
cuda
157
cuda
158
cuda
159
cuda
160
cuda
161
cuda
162
cuda
163
cuda
164
cuda
165
cuda
166
cuda
167
cuda
168
cuda
169
cuda
170
cuda
171
cuda
172
cuda
173
cuda
174
cuda
175
cuda
176
cuda
177
cuda
178
cuda
179
cuda
180
cuda
181
cuda
182
cuda
183
cuda
184
cuda
185
cuda
186
cuda
187
cuda
188
cuda
189
cuda
190
cuda
191
cuda
192
cuda
193
cuda
194
cuda
195
cuda
196
cuda
197
cuda
198
cuda
199
cuda
200
cuda
201
cuda
202
cuda
203
cuda
204
cuda
205
cuda
206
cuda
207
cuda
208
cuda
209
cuda
210
cuda
211
cuda
212
cuda
213
cuda
214
cuda
215
cuda
216
cuda
217
cuda
218
cuda
219
cuda
220
cuda
221
cuda
222
cuda
223
cuda
224
cuda
225
cuda
226
cuda
227
cuda
228
cuda
229
cuda
230
cuda
231
cuda
232
cuda
233
cuda
234
cuda
235
cuda
236
cuda
237
cuda
238
cuda
239
cuda
240
cuda
241
cuda
242
cuda
243
cuda
244
cuda
245
cuda
246
cuda
247
cuda
248
cuda
249
cuda
250
cuda
251
cuda
252
cuda
253
cuda
254
cuda
255
cuda
256
cuda
257
cuda
258
cuda
259
cuda
260
cuda
261
cuda
262
cuda
263
cuda
264
cuda
265
cuda
266
cuda
267
cuda
268
cuda
269
cuda
270
cuda
271
cuda
272
cuda
273
cuda
274
cuda
275
cuda
276
cuda
277
cuda
278
cuda
279
cuda
280
cuda
281
cuda
282
cuda
283
cuda
284
cuda
285
cuda
286
cuda
287
cuda
288
cuda
289
cuda
290
cuda
291
cuda
292
cuda
293
cuda
294
cuda
295
cuda
296
cuda
297
cuda
298
cuda
299
cuda
300
cuda
301
cuda
302
cuda
303
cuda
304
cuda
305
cuda
306
cuda
307
cuda
308
cuda
309
cuda
310
cuda
311
cuda
312
cuda
313
cuda
314
cuda
315
cuda
316
cuda
317
cuda
318
cuda
319
cuda
320
cuda
321
cuda
322
cuda
323
cuda
324
cuda
Number of bdirs is:  100
/home/u2hussai/scratch/prediction_other/sub-209127/6/
0
1
2
3
4
0
1
2
3
4
[-1, 0, 7]
(7,)
0 0
1 7
Making coords for patch extraction
Max patches available are  284
N is: None
using 284 patches
0
1
2
3
4
0
1
2
3
4
Cin is 448
Nscalar is 1
Nshells 1
Ndir 6
cINP IS 64
Length of activation list is 4
Starting prediction
0
cuda
1
cuda
2
cuda
3
cuda
4
cuda
5
cuda
6
cuda
7
cuda
8
cuda
9
cuda
10
cuda
11
cuda
12
cuda
13
cuda
14
cuda
15
cuda
16
cuda
17
cuda
18
cuda
19
cuda
20
cuda
21
cuda
22
cuda
23
cuda
24
cuda
25
cuda
26
cuda
27
cuda
28
cuda
29
cuda
30
cuda
31
cuda
32
cuda
33
cuda
34
cuda
35
cuda
36
cuda
37
cuda
38
cuda
39
cuda
40
cuda
41
cuda
42
cuda
43
cuda
44
cuda
45
cuda
46
cuda
47
cuda
48
cuda
49
cuda
50
cuda
51
cuda
52
cuda
53
cuda
54
cuda
55
cuda
56
cuda
57
cuda
58
cuda
59
cuda
60
cuda
61
cuda
62
cuda
63
cuda
64
cuda
65
cuda
66
cuda
67
cuda
68
cuda
69
cuda
70
cuda
71
cuda
72
cuda
73
cuda
74
cuda
75
cuda
76
cuda
77
cuda
78
cuda
79
cuda
80
cuda
81
cuda
82
cuda
83
cuda
84
cuda
85
cuda
86
cuda
87
cuda
88
cuda
89
cuda
90
cuda
91
cuda
92
cuda
93
cuda
94
cuda
95
cuda
96
cuda
97
cuda
98
cuda
99
cuda
100
cuda
101
cuda
102
cuda
103
cuda
104
cuda
105
cuda
106
cuda
107
cuda
108
cuda
109
cuda
110
cuda
111
cuda
112
cuda
113
cuda
114
cuda
115
cuda
116
cuda
117
cuda
118
cuda
119
cuda
120
cuda
121
cuda
122
cuda
123
cuda
124
cuda
125
cuda
126
cuda
127
cuda
128
cuda
129
cuda
130
cuda
131
cuda
132
cuda
133
cuda
134
cuda
135
cuda
136
cuda
137
cuda
138
cuda
139
cuda
140
cuda
141
cuda
142
cuda
143
cuda
144
cuda
145
cuda
146
cuda
147
cuda
148
cuda
149
cuda
150
cuda
151
cuda
152
cuda
153
cuda
154
cuda
155
cuda
156
cuda
157
cuda
158
cuda
159
cuda
160
cuda
161
cuda
162
cuda
163
cuda
164
cuda
165
cuda
166
cuda
167
cuda
168
cuda
169
cuda
170
cuda
171
cuda
172
cuda
173
cuda
174
cuda
175
cuda
176
cuda
177
cuda
178
cuda
179
cuda
180
cuda
181
cuda
182
cuda
183
cuda
184
cuda
185
cuda
186
cuda
187
cuda
188
cuda
189
cuda
190
cuda
191
cuda
192
cuda
193
cuda
194
cuda
195
cuda
196
cuda
197
cuda
198
cuda
199
cuda
200
cuda
201
cuda
202
cuda
203
cuda
204
cuda
205
cuda
206
cuda
207
cuda
208
cuda
209
cuda
210
cuda
211
cuda
212
cuda
213
cuda
214
cuda
215
cuda
216
cuda
217
cuda
218
cuda
219
cuda
220
cuda
221
cuda
222
cuda
223
cuda
224
cuda
225
cuda
226
cuda
227
cuda
228
cuda
229
cuda
230
cuda
231
cuda
232
cuda
233
cuda
234
cuda
235
cuda
236
cuda
237
cuda
238
cuda
239
cuda
240
cuda
241
cuda
242
cuda
243
cuda
244
cuda
245
cuda
246
cuda
247
cuda
248
cuda
249
cuda
250
cuda
251
cuda
252
cuda
253
cuda
254
cuda
255
cuda
256
cuda
257
cuda
258
cuda
259
cuda
260
cuda
261
cuda
262
cuda
263
cuda
264
cuda
265
cuda
266
cuda
267
cuda
268
cuda
269
cuda
270
cuda
271
cuda
272
cuda
273
cuda
274
cuda
275
cuda
276
cuda
277
cuda
278
cuda
279
cuda
280
cuda
281
cuda
282
cuda
283
cuda
Number of bdirs is:  100
RETURNVAL=0
END_TIME: Mon Nov 22 03:21:29 EST 2021
