CMD: ./residual5d.sh
START_TIME: Thu 24 Jun 2021 10:08:03 PM EDT
/home/u2hussai/.local/lib/python3.8/site-packages/numpy/core/_asarray.py:102: VisibleDeprecationWarning: Creating an ndarray from ragged nested sequences (which is a list-or-tuple of lists-or-tuples-or ndarrays with different lengths or shapes) is deprecated. If you meant to do this, you must specify 'dtype=object' when creating the ndarray.
  return array(a, dtype, copy=False, order=order)
/home/u2hussai/.local/lib/python3.8/site-packages/stripy/spherical.py:1438: RuntimeWarning: invalid value encountered in arccos
  angles = np.arccos((extxyz * vertxyz).sum(axis=1))
sub-124220
[-1, 0, 7]
(7,)
0 0
1 7
Making coords for patch extraction
Max patches available are  352
using 200 patches
0
1
2
3
4
0
1
2
3
4
the shape of mask is  torch.Size([200, 16, 16, 16])
[-1, 0, 7]
(7,)
0 0
1 7
Making coords for patch extraction
Max patches available are  328
using 10 patches
0
1
2
3
4
0
1
2
3
4
0
1
2
3
4
Length of activation list is 4
0
tensor(0.3482, device='cuda:0', grad_fn=<SumBackward0>)
Traceback (most recent call last):
  File "rough.py", line 156, in <module>
    trnr.train()
  File "/home/u2hussai/dgcnn/training.py", line 333, in train
    loss.backward()
  File "/home/u2hussai/.local/lib/python3.8/site-packages/torch/tensor.py", line 245, in backward
    torch.autograd.backward(self, gradient, retain_graph, create_graph, inputs=inputs)
  File "/home/u2hussai/.local/lib/python3.8/site-packages/torch/autograd/__init__.py", line 145, in backward
    Variable._execution_engine.run_backward(
RuntimeError: CUDA out of memory. Tried to allocate 1.05 GiB (GPU 0; 14.76 GiB total capacity; 10.13 GiB already allocated; 993.75 MiB free; 12.73 GiB reserved in total by PyTorch)
RETURNVAL=1
END_TIME: Thu 24 Jun 2021 10:09:37 PM EDT
