CMD: ./roughScalars.sh 5
START_TIME: Sat 15 Jan 2022 05:18:37 PM EST
/home/u2hussai/.local/lib/python3.8/site-packages/numpy/core/_asarray.py:102: VisibleDeprecationWarning: Creating an ndarray from ragged nested sequences (which is a list-or-tuple of lists-or-tuples-or ndarrays with different lengths or shapes) is deprecated. If you meant to do this, you must specify 'dtype=object' when creating the ndarray.
  return array(a, dtype, copy=False, order=order)
/home/u2hussai/.local/lib/python3.8/site-packages/stripy/spherical.py:1438: RuntimeWarning: invalid value encountered in arccos
  angles = np.arccos((extxyz * vertxyz).sum(axis=1))
sub-395251
[-1, 0, 7]
(7,)
0 0
1 7
Making coords for patch extraction
Max patches available are  296
N is: 500
requested patches exceed those availale
using 296 patches
0
1
2
3
4
0
1
2
3
4
sub-346945
[-1, 0, 7]
(7,)
0 0
1 7
Making coords for patch extraction
Max patches available are  273
N is: 500
requested patches exceed those availale
using 273 patches
0
1
2
3
4
0
1
2
3
4
sub-176744
[-1, 0, 7]
(7,)
0 0
1 7
Making coords for patch extraction
Max patches available are  344
N is: 500
requested patches exceed those availale
using 344 patches
0
1
2
3
4
0
1
2
3
4
sub-124220
[-1, 0, 7]
(7,)
0 0
1 7
Making coords for patch extraction
Max patches available are  352
N is: 500
requested patches exceed those availale
using 352 patches
0
1
2
3
4
0
1
2
3
4
sub-284646
[-1, 0, 7]
(7,)
0 0
1 7
Making coords for patch extraction
Max patches available are  299
N is: 500
requested patches exceed those availale
using 299 patches
0
1
2
3
4
0
1
2
3
4
loading validaton data
sub-395251
[-1, 0, 7]
(7,)
0 0
1 7
Making coords for patch extraction
Max patches available are  296
N is: 4
using 4 patches
0
1
2
3
4
0
1
2
3
4
0
1
2
3
4
0
1
2
3
4
Cin is 448
Nscalar is 1
Nshells 1
Ndir 6
cINP IS 64
Length of activation list is 4
Traceback (most recent call last):
  File "roughScalars.py", line 265, in <module>
    trnr.save_modelParams()
  File "/home/u2hussai/dgcnn/trainingScalars.py", line 606, in save_modelParams
    with open(outpath + 'modelParams.pkl','wb') as f:
FileNotFoundError: [Errno 2] No such file or directory: '/home/u2hussai/scratch/dtitraining/networks/bvec-dirs-6_type-V1-InternalPaddingON_reflectionfix_Ntrain-1564_Nepochs-20_patience-7_factor-0.5_lr-0.0001_batch_size-1_interp-inverse_distance_3dlayers-9-448-448-448_glayers-64-64-64-64-1_gactivation0-relu_residual5dscalarmodelParams.pkl'
RETURNVAL=1
END_TIME: Sat 15 Jan 2022 05:28:55 PM EST
